  DDL_Procesor.cpp
d:\skola\bakalarka\aplikace\ddl_procesor\framework\common\ccrcstatic.h(68): warning C4018: '<': signed/unsigned mismatch
d:\skola\bakalarka\aplikace\ddl_procesor\framework\common\cstring.h(171): warning C4996: 'sprintf': This function or variable may be unsafe. Consider using sprintf_s instead. To disable deprecation, use _CRT_SECURE_NO_WARNINGS. See online help for details.
  c:\program files (x86)\windows kits\10\include\10.0.10240.0\ucrt\stdio.h(1769): note: see declaration of 'sprintf'
d:\skola\bakalarka\aplikace\ddl_procesor\framework\common\cstring.h(210): warning C4267: 'initializing': conversion from 'size_t' to 'int', possible loss of data
d:\skola\bakalarka\aplikace\ddl_procesor\framework\common\stream\ccharstream.h(118): warning C4244: '=': conversion from 'const common::llong' to 'common::uint', possible loss of data
d:\skola\bakalarka\aplikace\ddl_procesor\framework\common\cbitstring.h(477): warning C4018: '<': signed/unsigned mismatch
d:\skola\bakalarka\aplikace\ddl_procesor\framework\dstruct\paged\core\cnode.h(130): warning C4800: 'unsigned int': forcing value to bool 'true' or 'false' (performance warning)
d:\skola\bakalarka\aplikace\ddl_procesor\framework\dstruct\paged\core\cmemorypool.h(110): warning C4244: '=': conversion from '__int64' to 'unsigned int', possible loss of data
d:\skola\bakalarka\aplikace\ddl_procesor\framework\dstruct\paged\core\cdstructheader.h(250): warning C4996: 'strncpy': This function or variable may be unsafe. Consider using strncpy_s instead. To disable deprecation, use _CRT_SECURE_NO_WARNINGS. See online help for details.
  c:\program files (x86)\windows kits\10\include\10.0.10240.0\ucrt\string.h(346): note: see declaration of 'strncpy'
d:\skola\bakalarka\aplikace\ddl_procesor\framework\dstruct\paged\core\cdstructheader.h(490): warning C4996: 'strcpy': This function or variable may be unsafe. Consider using strcpy_s instead. To disable deprecation, use _CRT_SECURE_NO_WARNINGS. See online help for details.
  c:\program files (x86)\windows kits\10\include\10.0.10240.0\ucrt\string.h(119): note: see declaration of 'strcpy'
d:\skola\bakalarka\aplikace\ddl_procesor\framework\common\datatype\tuple\ctuple.h(377): warning C4244: '=': conversion from 'unsigned int' to 'float', possible loss of data
d:\skola\bakalarka\aplikace\ddl_procesor\framework\common\datatype\tuple\ctuple.h(378): warning C4244: '=': conversion from 'unsigned int' to 'float', possible loss of data
d:\skola\bakalarka\aplikace\ddl_procesor\framework\common\datatype\tuple\ctuple.h(383): warning C4244: '=': conversion from 'unsigned int' to 'float', possible loss of data
d:\skola\bakalarka\aplikace\ddl_procesor\framework\common\datatype\tuple\ctuple.h(389): warning C4244: '=': conversion from 'unsigned int' to 'float', possible loss of data
d:\skola\bakalarka\aplikace\ddl_procesor\framework\common\datatype\tuple\ctuple.h(390): warning C4244: '=': conversion from 'unsigned int' to 'float', possible loss of data
d:\skola\bakalarka\aplikace\ddl_procesor\framework\common\datatype\tuple\ctuple.h(406): warning C4244: '=': conversion from 'int' to 'float', possible loss of data
d:\skola\bakalarka\aplikace\ddl_procesor\framework\common\datatype\tuple\ctuple.h(407): warning C4244: '=': conversion from 'double' to 'float', possible loss of data
d:\skola\bakalarka\aplikace\ddl_procesor\framework\common\datatype\tuple\ctuple.h(527): warning C4244: '=': conversion from 'unsigned int' to 'float', possible loss of data
d:\skola\bakalarka\aplikace\ddl_procesor\framework\common\datatype\tuple\ctuple.h(528): warning C4244: '=': conversion from 'unsigned int' to 'float', possible loss of data
d:\skola\bakalarka\aplikace\ddl_procesor\framework\common\datatype\tuple\ctuple.h(533): warning C4244: '=': conversion from 'unsigned int' to 'float', possible loss of data
d:\skola\bakalarka\aplikace\ddl_procesor\framework\common\datatype\tuple\ctuple.h(538): warning C4244: '=': conversion from 'unsigned int' to 'float', possible loss of data
d:\skola\bakalarka\aplikace\ddl_procesor\framework\common\datatype\tuple\ctuple.h(539): warning C4244: '=': conversion from 'unsigned int' to 'float', possible loss of data
d:\skola\bakalarka\aplikace\ddl_procesor\framework\common\datatype\tuple\ctuple.h(548): warning C4244: '=': conversion from 'int' to 'float', possible loss of data
d:\skola\bakalarka\aplikace\ddl_procesor\framework\common\datatype\tuple\ctuple.h(549): warning C4244: '=': conversion from 'double' to 'float', possible loss of data
d:\skola\bakalarka\aplikace\ddl_procesor\framework\common\datatype\tuple\ctuple.h(670): warning C4018: '<=': signed/unsigned mismatch
d:\skola\bakalarka\aplikace\ddl_procesor\framework\common\datatype\tuple\ctuple.h(1173): warning C4996: 'sprintf': This function or variable may be unsafe. Consider using sprintf_s instead. To disable deprecation, use _CRT_SECURE_NO_WARNINGS. See online help for details.
  c:\program files (x86)\windows kits\10\include\10.0.10240.0\ucrt\stdio.h(1769): note: see declaration of 'sprintf'
d:\skola\bakalarka\aplikace\ddl_procesor\framework\common\datatype\tuple\ctuple.h(1176): warning C4996: 'sprintf': This function or variable may be unsafe. Consider using sprintf_s instead. To disable deprecation, use _CRT_SECURE_NO_WARNINGS. See online help for details.
  c:\program files (x86)\windows kits\10\include\10.0.10240.0\ucrt\stdio.h(1769): note: see declaration of 'sprintf'
d:\skola\bakalarka\aplikace\ddl_procesor\framework\common\datatype\tuple\ctuple.h(1179): warning C4996: 'sprintf': This function or variable may be unsafe. Consider using sprintf_s instead. To disable deprecation, use _CRT_SECURE_NO_WARNINGS. See online help for details.
  c:\program files (x86)\windows kits\10\include\10.0.10240.0\ucrt\stdio.h(1769): note: see declaration of 'sprintf'
d:\skola\bakalarka\aplikace\ddl_procesor\framework\common\datatype\tuple\ctuple.h(1182): warning C4477: 'sprintf' : format string '%f' requires an argument of type 'double', but variadic argument 1 has type 'int'
d:\skola\bakalarka\aplikace\ddl_procesor\framework\common\datatype\tuple\ctuple.h(1182): warning C4996: 'sprintf': This function or variable may be unsafe. Consider using sprintf_s instead. To disable deprecation, use _CRT_SECURE_NO_WARNINGS. See online help for details.
  c:\program files (x86)\windows kits\10\include\10.0.10240.0\ucrt\stdio.h(1769): note: see declaration of 'sprintf'
d:\skola\bakalarka\aplikace\ddl_procesor\framework\common\datatype\tuple\ctuple.h(2322): warning C4552: '<<': operator has no effect; expected operator with side-effect
d:\skola\bakalarka\aplikace\ddl_procesor\framework\common\datatype\tuple\ctuple.h(2332): warning C4552: '<<': operator has no effect; expected operator with side-effect
d:\skola\bakalarka\aplikace\ddl_procesor\framework\common\datatype\tuple\ctuple.h(2348): warning C4018: '<': signed/unsigned mismatch
d:\skola\bakalarka\aplikace\ddl_procesor\framework\dstruct\paged\core\cdsfalsesetupexception.h(29): warning C4996: 'strcpy': This function or variable may be unsafe. Consider using strcpy_s instead. To disable deprecation, use _CRT_SECURE_NO_WARNINGS. See online help for details.
  c:\program files (x86)\windows kits\10\include\10.0.10240.0\ucrt\string.h(119): note: see declaration of 'strcpy'
d:\skola\bakalarka\aplikace\ddl_procesor\framework\dstruct\paged\core\cdscriticalexception.h(30): warning C4996: 'strcpy': This function or variable may be unsafe. Consider using strcpy_s instead. To disable deprecation, use _CRT_SECURE_NO_WARNINGS. See online help for details.
  c:\program files (x86)\windows kits\10\include\10.0.10240.0\ucrt\string.h(119): note: see declaration of 'strcpy'
d:\skola\bakalarka\aplikace\ddl_procesor\framework\dstruct\paged\queryprocessing\crangequeryconfig.h(22): warning C4091: 'typedef ': ignored on left of 'dstruct::paged::QueryType::QueryTypes' when no variable is declared
d:\skola\bakalarka\aplikace\ddl_procesor\framework\dstruct\paged\queryprocessing\cdbfslevel.h(42): warning C4101: 'size': unreferenced local variable
d:\skola\bakalarka\aplikace\ddl_procesor\framework\dstruct\paged\core\cnodecache.h(203): warning C4996: 'strcpy': This function or variable may be unsafe. Consider using strcpy_s instead. To disable deprecation, use _CRT_SECURE_NO_WARNINGS. See online help for details.
  c:\program files (x86)\windows kits\10\include\10.0.10240.0\ucrt\string.h(119): note: see declaration of 'strcpy'
d:\skola\bakalarka\aplikace\ddl_procesor\framework\dstruct\paged\core\cnodecache.h(245): warning C4996: 'strcpy': This function or variable may be unsafe. Consider using strcpy_s instead. To disable deprecation, use _CRT_SECURE_NO_WARNINGS. See online help for details.
  c:\program files (x86)\windows kits\10\include\10.0.10240.0\ucrt\string.h(119): note: see declaration of 'strcpy'
d:\skola\bakalarka\aplikace\ddl_procesor\framework\dstruct\paged\core\cnodecache.h(364): warning C4267: 'initializing': conversion from 'size_t' to 'int', possible loss of data
d:\skola\bakalarka\aplikace\ddl_procesor\framework\dstruct\paged\core\cnodecache.h(400): warning C4018: '>': signed/unsigned mismatch
d:\skola\bakalarka\aplikace\ddl_procesor\framework\dstruct\paged\core\cnodecache.h(369): warning C4996: 'strncpy': This function or variable may be unsafe. Consider using strncpy_s instead. To disable deprecation, use _CRT_SECURE_NO_WARNINGS. See online help for details.
  c:\program files (x86)\windows kits\10\include\10.0.10240.0\ucrt\string.h(346): note: see declaration of 'strncpy'
d:\skola\bakalarka\aplikace\ddl_procesor\framework\dstruct\paged\core\cnodecache.h(566): warning C4244: 'initializing': conversion from 'common::llong' to 'unsigned int', possible loss of data
d:\skola\bakalarka\aplikace\ddl_procesor\framework\dstruct\paged\core\cnodecache.h(547): warning C4996: 'strcpy': This function or variable may be unsafe. Consider using strcpy_s instead. To disable deprecation, use _CRT_SECURE_NO_WARNINGS. See online help for details.
  c:\program files (x86)\windows kits\10\include\10.0.10240.0\ucrt\string.h(119): note: see declaration of 'strcpy'
d:\skola\bakalarka\aplikace\ddl_procesor\framework\dstruct\paged\core\cnodecache.h(548): warning C4996: 'strcat': This function or variable may be unsafe. Consider using strcat_s instead. To disable deprecation, use _CRT_SECURE_NO_WARNINGS. See online help for details.
  c:\program files (x86)\windows kits\10\include\10.0.10240.0\ucrt\string.h(90): note: see declaration of 'strcat'
d:\skola\bakalarka\aplikace\ddl_procesor\framework\dstruct\paged\core\cnodecache.h(606): warning C4244: '=': conversion from 'common::llong' to 'unsigned int', possible loss of data
d:\skola\bakalarka\aplikace\ddl_procesor\framework\dstruct\paged\core\cnodecache.h(593): warning C4996: 'strcpy': This function or variable may be unsafe. Consider using strcpy_s instead. To disable deprecation, use _CRT_SECURE_NO_WARNINGS. See online help for details.
  c:\program files (x86)\windows kits\10\include\10.0.10240.0\ucrt\string.h(119): note: see declaration of 'strcpy'
d:\skola\bakalarka\aplikace\ddl_procesor\framework\dstruct\paged\core\cnodecache.h(594): warning C4996: 'strcat': This function or variable may be unsafe. Consider using strcat_s instead. To disable deprecation, use _CRT_SECURE_NO_WARNINGS. See online help for details.
  c:\program files (x86)\windows kits\10\include\10.0.10240.0\ucrt\string.h(90): note: see declaration of 'strcat'
d:\skola\bakalarka\aplikace\ddl_procesor\framework\dstruct\paged\core\cnodecache.h(626): warning C4996: 'strcpy': This function or variable may be unsafe. Consider using strcpy_s instead. To disable deprecation, use _CRT_SECURE_NO_WARNINGS. See online help for details.
  c:\program files (x86)\windows kits\10\include\10.0.10240.0\ucrt\string.h(119): note: see declaration of 'strcpy'
d:\skola\bakalarka\aplikace\ddl_procesor\framework\dstruct\paged\core\cnodecache.h(627): warning C4996: 'strcat': This function or variable may be unsafe. Consider using strcat_s instead. To disable deprecation, use _CRT_SECURE_NO_WARNINGS. See online help for details.
  c:\program files (x86)\windows kits\10\include\10.0.10240.0\ucrt\string.h(90): note: see declaration of 'strcat'
d:\skola\bakalarka\aplikace\ddl_procesor\framework\dstruct\paged\core\cnodecache.h(723): warning C4244: 'argument': conversion from 'common::llong' to 'unsigned int', possible loss of data
d:\skola\bakalarka\aplikace\ddl_procesor\framework\dstruct\paged\core\cnodecache.h(725): warning C4244: 'argument': conversion from 'common::llong' to 'unsigned int', possible loss of data
d:\skola\bakalarka\aplikace\ddl_procesor\framework\dstruct\paged\core\cnodecache.h(787): warning C4244: 'argument': conversion from 'common::llong' to 'unsigned int', possible loss of data
d:\skola\bakalarka\aplikace\ddl_procesor\framework\dstruct\paged\core\cnodecache.h(789): warning C4244: 'argument': conversion from 'common::llong' to 'unsigned int', possible loss of data
d:\skola\bakalarka\aplikace\ddl_procesor\framework\dstruct\paged\rtree\crtreeconst.h(27): warning C4091: 'typedef ': ignored on left of 'cQueryType::QueryType' when no variable is declared
d:\skola\bakalarka\aplikace\ddl_procesor\framework\dstruct\paged\rtree\crtreeconst.h(32): warning C4091: 'typedef ': ignored on left of 'Find::FindMBR' when no variable is declared
d:\skola\bakalarka\aplikace\ddl_procesor\framework\dstruct\paged\rtree\crtreeconst.h(38): warning C4091: 'typedef ': ignored on left of 'Compression::Comp' when no variable is declared
d:\skola\bakalarka\aplikace\ddl_procesor\framework\dstruct\paged\rtree\crtreeconst.h(44): warning C4091: 'typedef ': ignored on left of 'Reduction::Reduce' when no variable is declared
d:\skola\bakalarka\aplikace\ddl_procesor\framework\dstruct\paged\rtree\crtreeconst.h(50): warning C4091: 'typedef ': ignored on left of 'Split::Splits' when no variable is declared
d:\skola\bakalarka\aplikace\ddl_procesor\framework\common\datatype\tuple\chntuple.h(282): warning C4018: '<': signed/unsigned mismatch
d:\skola\bakalarka\aplikace\ddl_procesor\framework\common\datatype\tuple\chntuple.h(298): warning C4018: '<': signed/unsigned mismatch
d:\skola\bakalarka\aplikace\ddl_procesor\framework\common\datatype\tuple\chntuple.h(322): warning C4018: '<': signed/unsigned mismatch
d:\skola\bakalarka\aplikace\ddl_procesor\framework\common\datatype\tuple\cmbrectangle.h(51): warning C4091: 'typedef ': ignored on left of 'common::datatype::tuple::Processing::Compare' when no variable is declared
d:\skola\bakalarka\aplikace\ddl_procesor\framework\common\data\cdatacollection.h(16): warning C4091: 'typedef ': ignored on left of 'cCollection::Collect' when no variable is declared
d:\skola\bakalarka\aplikace\ddl_procesor\framework\common\data\cdatacollection.h(21): warning C4091: 'typedef ': ignored on left of 'Computer::Collect' when no variable is declared
d:\skola\bakalarka\aplikace\ddl_procesor\framework\common\data\cdatacollection.h(98): warning C4996: 'strcpy': This function or variable may be unsafe. Consider using strcpy_s instead. To disable deprecation, use _CRT_SECURE_NO_WARNINGS. See online help for details.
  c:\program files (x86)\windows kits\10\include\10.0.10240.0\ucrt\string.h(119): note: see declaration of 'strcpy'
d:\skola\bakalarka\aplikace\ddl_procesor\framework\common\data\cdatacollection.h(99): warning C4996: 'strcpy': This function or variable may be unsafe. Consider using strcpy_s instead. To disable deprecation, use _CRT_SECURE_NO_WARNINGS. See online help for details.
  c:\program files (x86)\windows kits\10\include\10.0.10240.0\ucrt\string.h(119): note: see declaration of 'strcpy'
d:\skola\bakalarka\aplikace\ddl_procesor\framework\common\data\cdatacollection.h(100): warning C4996: 'strcpy': This function or variable may be unsafe. Consider using strcpy_s instead. To disable deprecation, use _CRT_SECURE_NO_WARNINGS. See online help for details.
  c:\program files (x86)\windows kits\10\include\10.0.10240.0\ucrt\string.h(119): note: see declaration of 'strcpy'
d:\skola\bakalarka\aplikace\ddl_procesor\framework\common\data\cdatacollection.h(101): warning C4996: 'strcpy': This function or variable may be unsafe. Consider using strcpy_s instead. To disable deprecation, use _CRT_SECURE_NO_WARNINGS. See online help for details.
  c:\program files (x86)\windows kits\10\include\10.0.10240.0\ucrt\string.h(119): note: see declaration of 'strcpy'
d:\skola\bakalarka\aplikace\ddl_procesor\framework\common\data\cdatacollection.h(143): warning C4996: 'strcpy': This function or variable may be unsafe. Consider using strcpy_s instead. To disable deprecation, use _CRT_SECURE_NO_WARNINGS. See online help for details.
  c:\program files (x86)\windows kits\10\include\10.0.10240.0\ucrt\string.h(119): note: see declaration of 'strcpy'
d:\skola\bakalarka\aplikace\ddl_procesor\framework\common\data\cdatacollection.h(144): warning C4996: 'strcpy': This function or variable may be unsafe. Consider using strcpy_s instead. To disable deprecation, use _CRT_SECURE_NO_WARNINGS. See online help for details.
  c:\program files (x86)\windows kits\10\include\10.0.10240.0\ucrt\string.h(119): note: see declaration of 'strcpy'
d:\skola\bakalarka\aplikace\ddl_procesor\framework\common\data\cdatacollection.h(145): warning C4996: 'strcpy': This function or variable may be unsafe. Consider using strcpy_s instead. To disable deprecation, use _CRT_SECURE_NO_WARNINGS. See online help for details.
  c:\program files (x86)\windows kits\10\include\10.0.10240.0\ucrt\string.h(119): note: see declaration of 'strcpy'
d:\skola\bakalarka\aplikace\ddl_procesor\framework\common\data\cdatacollection.h(146): warning C4996: 'strcpy': This function or variable may be unsafe. Consider using strcpy_s instead. To disable deprecation, use _CRT_SECURE_NO_WARNINGS. See online help for details.
  c:\program files (x86)\windows kits\10\include\10.0.10240.0\ucrt\string.h(119): note: see declaration of 'strcpy'
d:\skola\bakalarka\aplikace\ddl_procesor\ddl_procesor\ctranslatorcreate.h(289): warning C4267: 'argument': conversion from 'size_t' to 'unsigned int', possible loss of data
d:\skola\bakalarka\aplikace\ddl_procesor\ddl_procesor\ctranslatorcreate.h(307): warning C4267: 'argument': conversion from 'size_t' to 'unsigned int', possible loss of data
d:\skola\bakalarka\aplikace\ddl_procesor\ddl_procesor\ctranslatorcreate.h(328): warning C4267: 'argument': conversion from 'size_t' to 'unsigned int', possible loss of data
d:\skola\bakalarka\aplikace\ddl_procesor\ddl_procesor\ctranslatorcreate.h(357): warning C4267: 'argument': conversion from 'size_t' to 'unsigned int', possible loss of data
d:\skola\bakalarka\aplikace\ddl_procesor\ddl_procesor\ccompletertree.h(2): warning C4067: unexpected tokens following preprocessor directive - expected a newline
d:\skola\bakalarka\aplikace\ddl_procesor\ddl_procesor\ccompletebtree.h(13): warning C4042: 'INMEMCACHE_SIZE': has bad storage class
  d:\skola\bakalarka\aplikace\ddl_procesor\ddl_procesor\ccompletebtree.h(16): note: see reference to class template instantiation 'cCompleteBTree<TKey>' being compiled
d:\skola\bakalarka\aplikace\ddl_procesor\ddl_procesor\ccompletebtree.h(14): warning C4042: 'INMEMCACHE_SIZE': has bad storage class
d:\skola\bakalarka\aplikace\ddl_procesor\ddl_procesor\ccompletebtree.h(18): warning C4042: 'inMemCacheSize': has bad storage class
d:\skola\bakalarka\aplikace\ddl_procesor\ddl_procesor\ccompletebtree.h(24): warning C4042: 'INMEMCACHE_SIZE': has bad storage class
d:\skola\bakalarka\aplikace\ddl_procesor\ddl_procesor\crecordgeneratorvar.h(44): warning C4101: 'positionInTable': unreferenced local variable
d:\skola\bakalarka\aplikace\ddl_procesor\ddl_procesor\crecordgeneratorvar.h(78): warning C4244: 'argument': conversion from 'time_t' to 'unsigned int', possible loss of data
d:\skola\bakalarka\aplikace\ddl_procesor\ddl_procesor\crecordgeneratorvar.h(96): warning C4244: 'argument': conversion from 'time_t' to 'unsigned int', possible loss of data
d:\skola\bakalarka\aplikace\ddl_procesor\ddl_procesor\crecordgeneratorfix.h(44): warning C4101: 'positionInTable': unreferenced local variable
d:\skola\bakalarka\aplikace\ddl_procesor\ddl_procesor\crecordgeneratorfix.h(83): warning C4244: 'argument': conversion from 'time_t' to 'unsigned int', possible loss of data
d:\skola\bakalarka\aplikace\ddl_procesor\ddl_procesor\crecordgeneratorfix.h(101): warning C4244: 'argument': conversion from 'time_t' to 'unsigned int', possible loss of data
d:\skola\bakalarka\aplikace\ddl_procesor\ddl_procesor\ctable.h(63): warning C4042: 'inMemCacheSize': has bad storage class
d:\skola\bakalarka\aplikace\ddl_procesor\ddl_procesor\ctable.h(64): warning C4042: 'inMemCacheSize': has bad storage class
d:\skola\bakalarka\aplikace\ddl_procesor\ddl_procesor\ctable.h(65): warning C4042: 'inMemCacheSize': has bad storage class
d:\skola\bakalarka\aplikace\ddl_procesor\ddl_procesor\ctable.h(79): warning C4042: 'inMemCacheSize': has bad storage class
d:\skola\bakalarka\aplikace\ddl_procesor\ddl_procesor\ctable.h(95): warning C4042: 'inMemCacheSize': has bad storage class
d:\skola\bakalarka\aplikace\ddl_procesor\ddl_procesor\ctable.h(287): warning C4267: '=': conversion from 'size_t' to 'int', possible loss of data
d:\skola\bakalarka\aplikace\ddl_procesor\ddl_procesor\ctable.h(364): warning C4042: 'inMemCacheSize': has bad storage class
d:\skola\bakalarka\aplikace\ddl_procesor\ddl_procesor\ctable.h(396): warning C4800: 'cDataType **': forcing value to bool 'true' or 'false' (performance warning)
d:\skola\bakalarka\aplikace\ddl_procesor\ddl_procesor\ctable.h(396): warning C4267: 'argument': conversion from 'size_t' to 'unsigned int', possible loss of data
d:\skola\bakalarka\aplikace\ddl_procesor\ddl_procesor\ctable.h(411): warning C4800: 'cDataType **': forcing value to bool 'true' or 'false' (performance warning)
d:\skola\bakalarka\aplikace\ddl_procesor\ddl_procesor\ctable.h(411): warning C4267: 'argument': conversion from 'size_t' to 'unsigned int', possible loss of data
d:\skola\bakalarka\aplikace\ddl_procesor\ddl_procesor\ctable.h(445): warning C4267: 'initializing': conversion from 'size_t' to 'int', possible loss of data
d:\skola\bakalarka\aplikace\ddl_procesor\ddl_procesor\ctable.h(460): warning C4267: 'initializing': conversion from 'size_t' to 'int', possible loss of data
d:\skola\bakalarka\aplikace\ddl_procesor\ddl_procesor\ctable.h(477): warning C4267: 'initializing': conversion from 'size_t' to 'int', possible loss of data
d:\skola\bakalarka\aplikace\ddl_procesor\ddl_procesor\ctable.h(492): warning C4267: 'initializing': conversion from 'size_t' to 'int', possible loss of data
d:\skola\bakalarka\aplikace\ddl_procesor\ddl_procesor\ctable.h(514): warning C4267: 'initializing': conversion from 'size_t' to 'int', possible loss of data
d:\skola\bakalarka\aplikace\ddl_procesor\ddl_procesor\ctable.h(532): warning C4267: 'initializing': conversion from 'size_t' to 'int', possible loss of data
d:\skola\bakalarka\aplikace\ddl_procesor\ddl_procesor\ctable.h(554): warning C4267: 'initializing': conversion from 'size_t' to 'int', possible loss of data
d:\skola\bakalarka\aplikace\ddl_procesor\ddl_procesor\ctable.h(571): warning C4267: 'initializing': conversion from 'size_t' to 'int', possible loss of data
d:\skola\bakalarka\aplikace\ddl_procesor\ddl_procesor\ctable.h(727): warning C4244: 'initializing': conversion from 'wchar_t' to 'char', possible loss of data
d:\skola\bakalarka\aplikace\ddl_procesor\ddl_procesor\ctable.h(774): warning C4244: 'initializing': conversion from 'wchar_t' to 'char', possible loss of data
d:\skola\bakalarka\aplikace\ddl_procesor\ddl_procesor\ctable.h(804): warning C4244: 'initializing': conversion from 'wchar_t' to 'char', possible loss of data
d:\skola\bakalarka\aplikace\ddl_procesor\ddl_procesor\ctable.h(839): warning C4244: 'initializing': conversion from 'wchar_t' to 'char', possible loss of data
d:\skola\bakalarka\aplikace\ddl_procesor\ddl_procesor\ctable.h(846): warning C4042: 'inMemCacheSize': has bad storage class
d:\skola\bakalarka\aplikace\ddl_procesor\ddl_procesor\ctable.h(859): warning C4267: 'initializing': conversion from 'size_t' to 'int', possible loss of data
d:\skola\bakalarka\aplikace\ddl_procesor\ddl_procesor\ctable.h(980): warning C4267: 'initializing': conversion from 'size_t' to 'int', possible loss of data
d:\skola\bakalarka\aplikace\ddl_procesor\ddl_procesor\ddl_procesor.cpp(16): warning C4042: 'inMemCacheSize': has bad storage class
d:\skola\bakalarka\aplikace\ddl_procesor\ddl_procesor\ddl_procesor.cpp(23): warning C4244: 'initializing': conversion from 'double' to 'common::uint', possible loss of data
d:\skola\bakalarka\aplikace\ddl_procesor\framework\common\memorystructures\carray.h(137): warning C4018: '<': signed/unsigned mismatch
  d:\skola\bakalarka\aplikace\ddl_procesor\framework\common\memorystructures\carray.h(136): note: while compiling class template member function 'const char cArray<char>::operator [](const int) const'
  d:\skola\bakalarka\aplikace\ddl_procesor\framework\common\cstring.h(119): note: see reference to function template instantiation 'const char cArray<char>::operator [](const int) const' being compiled
  d:\skola\bakalarka\aplikace\ddl_procesor\framework\common\cstring.h(109): note: see reference to class template instantiation 'cArray<char>' being compiled
d:\skola\bakalarka\aplikace\ddl_procesor\framework\common\memorystructures\carray.h(121): warning C4018: '<': signed/unsigned mismatch
  d:\skola\bakalarka\aplikace\ddl_procesor\framework\common\memorystructures\carray.h(120): note: while compiling class template member function 'char &cArray<char>::operator [](const int)'
  d:\skola\bakalarka\aplikace\ddl_procesor\framework\common\cstring.h(114): note: see reference to function template instantiation 'char &cArray<char>::operator [](const int)' being compiled
d:\skola\bakalarka\aplikace\ddl_procesor\framework\common\datatype\cbasictype.h(555): warning C4267: '=': conversion from 'size_t' to 'unsigned int', possible loss of data
  d:\skola\bakalarka\aplikace\ddl_procesor\framework\common\datatype\cbasictype.h(553): note: while compiling class template member function 'char *cBasicType<unsigned int>::ToString(const unsigned int &,char *,unsigned int &)'
  d:\skola\bakalarka\aplikace\ddl_procesor\framework\common\datatype\cbasictype.h(728): note: see reference to function template instantiation 'char *cBasicType<unsigned int>::ToString(const unsigned int &,char *,unsigned int &)' being compiled
  d:\skola\bakalarka\aplikace\ddl_procesor\framework\common\datatype\cbasictype.h(691): note: see reference to class template instantiation 'cBasicType<unsigned int>' being compiled
d:\skola\bakalarka\aplikace\ddl_procesor\framework\common\datatype\cbasictype.h(554): warning C4996: 'sprintf': This function or variable may be unsafe. Consider using sprintf_s instead. To disable deprecation, use _CRT_SECURE_NO_WARNINGS. See online help for details.
  c:\program files (x86)\windows kits\10\include\10.0.10240.0\ucrt\stdio.h(1769): note: see declaration of 'sprintf'
d:\skola\bakalarka\aplikace\ddl_procesor\framework\common\memorystructures\chashtable.h(111): warning C4244: 'initializing': conversion from '__int64' to 'common::uint', possible loss of data
  d:\skola\bakalarka\aplikace\ddl_procesor\framework\common\memorystructures\chashtable.h(90): note: while compiling class template member function 'common::memorystructures::cHashTable<cUInt,cUInt>::cHashTable(unsigned int,char *,const common::datatype::cDTDescriptor *,const common::datatype::cDTDescriptor *)'
  d:\skola\bakalarka\aplikace\ddl_procesor\framework\dstruct\paged\queryprocessing\cdbfslevel.h(69): note: see reference to function template instantiation 'common::memorystructures::cHashTable<cUInt,cUInt>::cHashTable(unsigned int,char *,const common::datatype::cDTDescriptor *,const common::datatype::cDTDescriptor *)' being compiled
  d:\skola\bakalarka\aplikace\ddl_procesor\framework\dstruct\paged\queryprocessing\cdbfslevel.h(51): note: see reference to class template instantiation 'common::memorystructures::cHashTable<cUInt,cUInt>' being compiled
d:\skola\bakalarka\aplikace\ddl_procesor\framework\common\datatype\cbasictype.h(463): warning C4311: 'type cast': pointer truncation from 'char *' to 'common::uint'
  d:\skola\bakalarka\aplikace\ddl_procesor\framework\common\datatype\cbasictype.h(449): note: while compiling class template member function 'common::uint cBasicType<char *>::HashValue(const char *,common::uint,common::uint)'
  d:\skola\bakalarka\aplikace\ddl_procesor\framework\common\datatype\ccharstring.h(10): note: see reference to class template instantiation 'cBasicType<char *>' being compiled
d:\skola\bakalarka\aplikace\ddl_procesor\framework\common\datatype\cbasictype.h(463): warning C4302: 'type cast': truncation from 'char *' to 'common::uint'
d:\skola\bakalarka\aplikace\ddl_procesor\framework\common\datatype\cbasictype.h(463): warning C4311: 'type cast': pointer truncation from 'cDataType *' to 'common::uint'
  d:\skola\bakalarka\aplikace\ddl_procesor\framework\common\datatype\cbasictype.h(449): note: while compiling class template member function 'common::uint cBasicType<cDataType *>::HashValue(const char *,common::uint,common::uint)'
  d:\skola\bakalarka\aplikace\ddl_procesor\ddl_procesor\ccolumn.h(30): note: see reference to class template instantiation 'cBasicType<cDataType *>' being compiled
d:\skola\bakalarka\aplikace\ddl_procesor\framework\common\datatype\cbasictype.h(463): warning C4302: 'type cast': truncation from 'cDataType *' to 'common::uint'
d:\skola\bakalarka\aplikace\ddl_procesor\framework\dstruct\paged\b+tree\ccommonb+tree.h(721): warning C4018: '>=': signed/unsigned mismatch
  d:\skola\bakalarka\aplikace\ddl_procesor\framework\dstruct\paged\b+tree\ccommonb+tree.h(545): note: while compiling class template member function 'bool dstruct::paged::bptree::cCommonBpTree<dstruct::paged::bptree::cBpTreeNode<TKey>,dstruct::paged::bptree::cBpTreeNode<TKey>,TKey>::Insert(const TKey &,char *,unsigned int)'
          with
          [
              TKey=common::datatype::tuple::cTuple
          ]
  d:\skola\bakalarka\aplikace\ddl_procesor\ddl_procesor\ctable.h(495): note: see reference to function template instantiation 'bool dstruct::paged::bptree::cCommonBpTree<dstruct::paged::bptree::cBpTreeNode<TKey>,dstruct::paged::bptree::cBpTreeNode<TKey>,TKey>::Insert(const TKey &,char *,unsigned int)' being compiled
          with
          [
              TKey=common::datatype::tuple::cTuple
          ]
  d:\skola\bakalarka\aplikace\ddl_procesor\framework\dstruct\paged\b+tree\cb+tree.h(31): note: see reference to class template instantiation 'dstruct::paged::bptree::cCommonBpTree<dstruct::paged::bptree::cBpTreeNode<TKey>,dstruct::paged::bptree::cBpTreeNode<TKey>,TKey>' being compiled
          with
          [
              TKey=common::datatype::tuple::cTuple
          ]
  d:\skola\bakalarka\aplikace\ddl_procesor\framework\dstruct\paged\rtree\csignaturestorage.h(143): note: see reference to class template instantiation 'dstruct::paged::bptree::cBpTree<common::datatype::tuple::cTuple>' being compiled
d:\skola\bakalarka\aplikace\ddl_procesor\framework\dstruct\paged\b+tree\ccommonb+tree.h(1614): warning C4101: 'c1': unreferenced local variable
  d:\skola\bakalarka\aplikace\ddl_procesor\framework\dstruct\paged\b+tree\ccommonb+tree.h(1604): note: while compiling class template member function 'dstruct::paged::core::cTreeItemStream<TKey> *dstruct::paged::bptree::cCommonBpTree<dstruct::paged::bptree::cBpTreeNode<TKey>,dstruct::paged::bptree::cBpTreeNode<TKey>,TKey>::RangeQuery(const TKey &,const TKey &,dstruct::paged::cQueryProcStat *,int,unsigned int,dstruct::paged::core::cTreeItemStream<TKey> *,char *,bool *)'
          with
          [
              TKey=common::datatype::tuple::cTuple
          ]
  d:\skola\bakalarka\aplikace\ddl_procesor\framework\dstruct\paged\b+tree\ccommonb+tree.h(1082): note: see reference to function template instantiation 'dstruct::paged::core::cTreeItemStream<TKey> *dstruct::paged::bptree::cCommonBpTree<dstruct::paged::bptree::cBpTreeNode<TKey>,dstruct::paged::bptree::cBpTreeNode<TKey>,TKey>::RangeQuery(const TKey &,const TKey &,dstruct::paged::cQueryProcStat *,int,unsigned int,dstruct::paged::core::cTreeItemStream<TKey> *,char *,bool *)' being compiled
          with
          [
              TKey=common::datatype::tuple::cTuple
          ]
  d:\skola\bakalarka\aplikace\ddl_procesor\framework\dstruct\paged\b+tree\ccommonb+tree.h(956): note: while compiling class template member function 'dstruct::paged::bptree::cBpTreeNode<TKey> *dstruct::paged::bptree::cCommonBpTree<dstruct::paged::bptree::cBpTreeNode<TKey>,dstruct::paged::bptree::cBpTreeNode<TKey>,TKey>::SearchForRightOrderInInnerNode(const dstruct::paged::tNodeIndex,const dstruct::paged::tNodeIndex,unsigned int &,int &,dstruct::paged::tNodeIndex *,int *)'
          with
          [
              TKey=common::datatype::tuple::cTuple
          ]
d:\skola\bakalarka\aplikace\ddl_procesor\framework\common\memorystructures\chashtable.h(232): warning C4800: 'unsigned int': forcing value to bool 'true' or 'false' (performance warning)
  d:\skola\bakalarka\aplikace\ddl_procesor\framework\common\memorystructures\chashtable.h(216): note: while compiling class template member function 'bool common::memorystructures::cHashTable<TKey,cCharString>::Find(const TKey &,char *&) const'
          with
          [
              TKey=common::datatype::tuple::cTuple
          ]
  d:\skola\bakalarka\aplikace\ddl_procesor\framework\dstruct\paged\b+tree\ccommonb+tree.h(1077): note: see reference to function template instantiation 'bool common::memorystructures::cHashTable<TKey,cCharString>::Find(const TKey &,char *&) const' being compiled
          with
          [
              TKey=common::datatype::tuple::cTuple
          ]
  d:\skola\bakalarka\aplikace\ddl_procesor\framework\dstruct\paged\b+tree\ccommonb+tree.h(1077): note: see reference to class template instantiation 'common::memorystructures::cHashTable<TKey,cCharString>' being compiled
          with
          [
              TKey=common::datatype::tuple::cTuple
          ]
  d:\skola\bakalarka\aplikace\ddl_procesor\framework\dstruct\paged\b+tree\ccommonb+tree.h(1066): note: while compiling class template member function 'bool dstruct::paged::bptree::cCommonBpTree<dstruct::paged::bptree::cBpTreeNode<TKey>,dstruct::paged::bptree::cBpTreeNode<TKey>,TKey>::PointQuery(const TKey &,char *,dstruct::paged::cQueryProcStat *,int)'
          with
          [
              TKey=common::datatype::tuple::cTuple
          ]
  d:\skola\bakalarka\aplikace\ddl_procesor\framework\dstruct\paged\rtree\csignaturestorage.h(169): note: see reference to function template instantiation 'bool dstruct::paged::bptree::cCommonBpTree<dstruct::paged::bptree::cBpTreeNode<TKey>,dstruct::paged::bptree::cBpTreeNode<TKey>,TKey>::PointQuery(const TKey &,char *,dstruct::paged::cQueryProcStat *,int)' being compiled
          with
          [
              TKey=common::datatype::tuple::cTuple
          ]
d:\skola\bakalarka\aplikace\ddl_procesor\framework\dstruct\paged\core\ctreeitemstream.h(149): warning C4244: 'initializing': conversion from 'common::llong' to 'unsigned int', possible loss of data
  d:\skola\bakalarka\aplikace\ddl_procesor\framework\dstruct\paged\core\ctreeitemstream.h(148): note: while compiling class template member function 'bool dstruct::paged::core::cTreeItemStream<TKey>::Add(const char *)'
          with
          [
              TKey=common::datatype::tuple::cTuple
          ]
  d:\skola\bakalarka\aplikace\ddl_procesor\framework\dstruct\paged\b+tree\ccommonb+tree.h(1699): note: see reference to function template instantiation 'bool dstruct::paged::core::cTreeItemStream<TKey>::Add(const char *)' being compiled
          with
          [
              TKey=common::datatype::tuple::cTuple
          ]
  d:\skola\bakalarka\aplikace\ddl_procesor\framework\dstruct\paged\b+tree\ccommonb+tree.h(1627): note: see reference to class template instantiation 'dstruct::paged::core::cTreeItemStream<TKey>' being compiled
          with
          [
              TKey=common::datatype::tuple::cTuple
          ]
  d:\skola\bakalarka\aplikace\ddl_procesor\framework\dstruct\paged\b+tree\ccommonb+tree.h(1604): note: while compiling class template member function 'dstruct::paged::core::cTreeItemStream<TKey> *dstruct::paged::bptree::cCommonBpTree<dstruct::paged::bptree::cBpTreeNode<TKey>,dstruct::paged::bptree::cBpTreeNode<TKey>,TKey>::RangeQuery(const TKey &,const TKey &,dstruct::paged::cQueryProcStat *,int,unsigned int,dstruct::paged::core::cTreeItemStream<TKey> *,char *,bool *)'
          with
          [
              TKey=common::datatype::tuple::cTuple
          ]
  d:\skola\bakalarka\aplikace\ddl_procesor\framework\dstruct\paged\b+tree\ccommonb+tree.h(1082): note: see reference to function template instantiation 'dstruct::paged::core::cTreeItemStream<TKey> *dstruct::paged::bptree::cCommonBpTree<dstruct::paged::bptree::cBpTreeNode<TKey>,dstruct::paged::bptree::cBpTreeNode<TKey>,TKey>::RangeQuery(const TKey &,const TKey &,dstruct::paged::cQueryProcStat *,int,unsigned int,dstruct::paged::core::cTreeItemStream<TKey> *,char *,bool *)' being compiled
          with
          [
              TKey=common::datatype::tuple::cTuple
          ]
d:\skola\bakalarka\aplikace\ddl_procesor\framework\dstruct\paged\rtree\crtreenode.h(1126): warning C4018: '>=': signed/unsigned mismatch
  d:\skola\bakalarka\aplikace\ddl_procesor\framework\dstruct\paged\rtree\crtreenode.h(1097): note: while compiling class template member function 'bool dstruct::paged::rtree::cRTreeNode<common::datatype::tuple::cMBRectangle<common::datatype::tuple::cTuple>>::FindMbr_Ordered(const common::datatype::tuple::cTuple &,unsigned int &,const dstruct::paged::rtree::cRTreeOrderIndex<TKey> *)'
          with
          [
              TKey=common::datatype::tuple::cTuple
          ]
  d:\skola\bakalarka\aplikace\ddl_procesor\framework\dstruct\paged\rtree\ccommonrtree_insert.h(224): note: see reference to function template instantiation 'bool dstruct::paged::rtree::cRTreeNode<common::datatype::tuple::cMBRectangle<common::datatype::tuple::cTuple>>::FindMbr_Ordered(const common::datatype::tuple::cTuple &,unsigned int &,const dstruct::paged::rtree::cRTreeOrderIndex<TKey> *)' being compiled
          with
          [
              TKey=common::datatype::tuple::cTuple
          ]
  d:\skola\bakalarka\aplikace\ddl_procesor\framework\dstruct\paged\rtree\crtreenode.h(359): note: while compiling class template member function 'void dstruct::paged::rtree::cRTreeNode<common::datatype::tuple::cMBRectangle<common::datatype::tuple::cTuple>>::UpdateMbr(unsigned int,const char *)'
  d:\skola\bakalarka\aplikace\ddl_procesor\framework\dstruct\paged\rtree\ccommonrtree_insert.h(533): note: see reference to function template instantiation 'void dstruct::paged::rtree::cRTreeNode<common::datatype::tuple::cMBRectangle<common::datatype::tuple::cTuple>>::UpdateMbr(unsigned int,const char *)' being compiled
  d:\skola\bakalarka\aplikace\ddl_procesor\framework\dstruct\paged\rtree\ccommonrtree_insert.h(446): note: see reference to class template instantiation 'dstruct::paged::rtree::cRTreeNode<common::datatype::tuple::cMBRectangle<common::datatype::tuple::cTuple>>' being compiled
  d:\skola\bakalarka\aplikace\ddl_procesor\framework\dstruct\paged\rtree\ccommonrtree_insert.h(401): note: while compiling class template member function 'int dstruct::paged::rtree::cCommonRTree<common::datatype::tuple::cMBRectangle<common::datatype::tuple::cTuple>,TKey,dstruct::paged::rtree::cRTreeNode<common::datatype::tuple::cMBRectangle<common::datatype::tuple::cTuple>>,dstruct::paged::rtree::cRTreeLeafNode<TKey>>::Insert(const TKey &,char *)'
          with
          [
              TKey=common::datatype::tuple::cTuple
          ]
  d:\skola\bakalarka\aplikace\ddl_procesor\ddl_procesor\ctable.h(463): note: see reference to function template instantiation 'int dstruct::paged::rtree::cCommonRTree<common::datatype::tuple::cMBRectangle<common::datatype::tuple::cTuple>,TKey,dstruct::paged::rtree::cRTreeNode<common::datatype::tuple::cMBRectangle<common::datatype::tuple::cTuple>>,dstruct::paged::rtree::cRTreeLeafNode<TKey>>::Insert(const TKey &,char *)' being compiled
          with
          [
              TKey=common::datatype::tuple::cTuple
          ]
  d:\skola\bakalarka\aplikace\ddl_procesor\framework\dstruct\paged\rtree\crtree.h(37): note: see reference to class template instantiation 'dstruct::paged::rtree::cCommonRTree<common::datatype::tuple::cMBRectangle<common::datatype::tuple::cTuple>,TKey,dstruct::paged::rtree::cRTreeNode<common::datatype::tuple::cMBRectangle<common::datatype::tuple::cTuple>>,dstruct::paged::rtree::cRTreeLeafNode<TKey>>' being compiled
          with
          [
              TKey=common::datatype::tuple::cTuple
          ]
  d:\skola\bakalarka\aplikace\ddl_procesor\ddl_procesor\ctable.h(463): note: see reference to class template instantiation 'dstruct::paged::rtree::cRTree<TKey>' being compiled
          with
          [
              TKey=common::datatype::tuple::cTuple
          ]
d:\skola\bakalarka\aplikace\ddl_procesor\framework\dstruct\paged\rtree\crtreenode.h(1474): warning C4018: '<': signed/unsigned mismatch
  d:\skola\bakalarka\aplikace\ddl_procesor\framework\dstruct\paged\rtree\crtreenode.h(1463): note: while compiling class template member function 'void dstruct::paged::rtree::cRTreeNode<common::datatype::tuple::cMBRectangle<common::datatype::tuple::cTuple>>::InsertTupleOrder(dstruct::paged::rtree::cRTreeNode<common::datatype::tuple::cMBRectangle<common::datatype::tuple::cTuple>> *,dstruct::paged::rtree::cRTreeNode<common::datatype::tuple::cMBRectangle<common::datatype::tuple::cTuple>> *,char *,const dstruct::paged::tNodeIndex &,dstruct::paged::rtree::cRTreeNodeHeader<TMbr> *)'
          with
          [
              TMbr=common::datatype::tuple::cMBRectangle<common::datatype::tuple::cTuple>
          ]
  d:\skola\bakalarka\aplikace\ddl_procesor\framework\dstruct\paged\rtree\ccommonrtree_insert.h(332): note: see reference to function template instantiation 'void dstruct::paged::rtree::cRTreeNode<common::datatype::tuple::cMBRectangle<common::datatype::tuple::cTuple>>::InsertTupleOrder(dstruct::paged::rtree::cRTreeNode<common::datatype::tuple::cMBRectangle<common::datatype::tuple::cTuple>> *,dstruct::paged::rtree::cRTreeNode<common::datatype::tuple::cMBRectangle<common::datatype::tuple::cTuple>> *,char *,const dstruct::paged::tNodeIndex &,dstruct::paged::rtree::cRTreeNodeHeader<TMbr> *)' being compiled
          with
          [
              TMbr=common::datatype::tuple::cMBRectangle<common::datatype::tuple::cTuple>
          ]
d:\skola\bakalarka\aplikace\ddl_procesor\framework\dstruct\paged\rtree\crtreenode.h(1485): warning C4018: '<': signed/unsigned mismatch
d:\skola\bakalarka\aplikace\ddl_procesor\framework\dstruct\paged\rtree\ccommonrtree.h(1230): error C2664: 'bool dstruct::paged::rtree::cRTreeOrderIndex<TKey>::InsertOrUpdateTuple(dstruct::paged::tNodeIndex,const TKey &)': cannot convert argument 2 from 'common::datatype::tuple::cTuple' to 'const common::datatype::tuple::cHNTuple &'
          with
          [
              TKey=common::datatype::tuple::cHNTuple
          ]
  d:\skola\bakalarka\aplikace\ddl_procesor\framework\dstruct\paged\rtree\ccommonrtree.h(1230): note: Reason: cannot convert from 'common::datatype::tuple::cTuple' to 'const common::datatype::tuple::cHNTuple'
  d:\skola\bakalarka\aplikace\ddl_procesor\framework\dstruct\paged\rtree\ccommonrtree.h(1230): note: No user-defined-conversion operator available that can perform this conversion, or the operator cannot be called
  d:\skola\bakalarka\aplikace\ddl_procesor\framework\dstruct\paged\rtree\ccommonrtree.h(1225): note: while compiling class template member function 'void dstruct::paged::rtree::cCommonRTree<common::datatype::tuple::cMBRectangle<TKey>,TKey,dstruct::paged::rtree::cRTreeNode<common::datatype::tuple::cMBRectangle<TKey>>,dstruct::paged::rtree::cRTreeLeafNode<TKey>>::ExtraSplitInnerNode(unsigned int,TNode *,TNode *)'
          with
          [
              TKey=common::datatype::tuple::cHNTuple,
              TNode=dstruct::paged::rtree::cRTreeNode<common::datatype::tuple::cMBRectangle<common::datatype::tuple::cHNTuple>>
          ]
  d:\skola\bakalarka\aplikace\ddl_procesor\framework\dstruct\paged\rtree\ccommonrtree_insert.h(357): note: see reference to function template instantiation 'void dstruct::paged::rtree::cCommonRTree<common::datatype::tuple::cMBRectangle<TKey>,TKey,dstruct::paged::rtree::cRTreeNode<common::datatype::tuple::cMBRectangle<TKey>>,dstruct::paged::rtree::cRTreeLeafNode<TKey>>::ExtraSplitInnerNode(unsigned int,TNode *,TNode *)' being compiled
          with
          [
              TKey=common::datatype::tuple::cHNTuple,
              TNode=dstruct::paged::rtree::cRTreeNode<common::datatype::tuple::cMBRectangle<common::datatype::tuple::cHNTuple>>
          ]
  d:\skola\bakalarka\aplikace\ddl_procesor\ddl_procesor\ccompletertree.h(25): note: while compiling class template member function 'bool cCompleteRTree<common::datatype::tuple::cHNTuple>::SetRTree(const char *,common::uint,common::datatype::tuple::cSpaceDescriptor *,common::uint,common::uint,bool,common::uint,common::uint,common::uint,unsigned int,unsigned int,bool,dstruct::paged::core::cQuickDB *)'
  d:\skola\bakalarka\aplikace\ddl_procesor\ddl_procesor\ccompletertree.h(20): note: see reference to function template instantiation 'bool cCompleteRTree<common::datatype::tuple::cHNTuple>::SetRTree(const char *,common::uint,common::datatype::tuple::cSpaceDescriptor *,common::uint,common::uint,bool,common::uint,common::uint,common::uint,unsigned int,unsigned int,bool,dstruct::paged::core::cQuickDB *)' being compiled
  d:\skola\bakalarka\aplikace\ddl_procesor\ddl_procesor\ccompletertree.h(19): note: while compiling class template member function 'cCompleteRTree<common::datatype::tuple::cHNTuple>::cCompleteRTree(const char *,int,common::uint,common::datatype::tuple::cSpaceDescriptor *,common::uint,common::uint,bool,common::uint,common::uint,common::uint,unsigned int,unsigned int,bool,dstruct::paged::core::cQuickDB *)'
  d:\skola\bakalarka\aplikace\ddl_procesor\ddl_procesor\ctable.h(223): note: see reference to function template instantiation 'cCompleteRTree<common::datatype::tuple::cHNTuple>::cCompleteRTree(const char *,int,common::uint,common::datatype::tuple::cSpaceDescriptor *,common::uint,common::uint,bool,common::uint,common::uint,common::uint,unsigned int,unsigned int,bool,dstruct::paged::core::cQuickDB *)' being compiled
  d:\skola\bakalarka\aplikace\ddl_procesor\ddl_procesor\ctable.h(223): note: see reference to class template instantiation 'cCompleteRTree<common::datatype::tuple::cHNTuple>' being compiled
d:\skola\bakalarka\aplikace\ddl_procesor\framework\dstruct\paged\rtree\ccommonrtree.h(1258): error C2664: 'bool dstruct::paged::rtree::cRTreeOrderIndex<TKey>::InsertOrUpdateTuple(dstruct::paged::tNodeIndex,const TKey &)': cannot convert argument 2 from 'common::datatype::tuple::cTuple' to 'const common::datatype::tuple::cHNTuple &'
          with
          [
              TKey=common::datatype::tuple::cHNTuple
          ]
  d:\skola\bakalarka\aplikace\ddl_procesor\framework\dstruct\paged\rtree\ccommonrtree.h(1258): note: Reason: cannot convert from 'common::datatype::tuple::cTuple' to 'const common::datatype::tuple::cHNTuple'
  d:\skola\bakalarka\aplikace\ddl_procesor\framework\dstruct\paged\rtree\ccommonrtree.h(1258): note: No user-defined-conversion operator available that can perform this conversion, or the operator cannot be called
  d:\skola\bakalarka\aplikace\ddl_procesor\framework\dstruct\paged\rtree\ccommonrtree.h(1254): note: while compiling class template member function 'void dstruct::paged::rtree::cCommonRTree<common::datatype::tuple::cMBRectangle<TKey>,TKey,dstruct::paged::rtree::cRTreeNode<common::datatype::tuple::cMBRectangle<TKey>>,dstruct::paged::rtree::cRTreeLeafNode<TKey>>::ExtraInsertNewRootNode(TNode *)'
          with
          [
              TKey=common::datatype::tuple::cHNTuple,
              TNode=dstruct::paged::rtree::cRTreeNode<common::datatype::tuple::cMBRectangle<common::datatype::tuple::cHNTuple>>
          ]
  d:\skola\bakalarka\aplikace\ddl_procesor\framework\dstruct\paged\rtree\ccommonrtree_insert.h(380): note: see reference to function template instantiation 'void dstruct::paged::rtree::cCommonRTree<common::datatype::tuple::cMBRectangle<TKey>,TKey,dstruct::paged::rtree::cRTreeNode<common::datatype::tuple::cMBRectangle<TKey>>,dstruct::paged::rtree::cRTreeLeafNode<TKey>>::ExtraInsertNewRootNode(TNode *)' being compiled
          with
          [
              TKey=common::datatype::tuple::cHNTuple,
              TNode=dstruct::paged::rtree::cRTreeNode<common::datatype::tuple::cMBRectangle<common::datatype::tuple::cHNTuple>>
          ]
