  DDL_Procesor.cpp
D:\skola\bakalarka\Aplikace\DDL_Procesor\Framework\common/cCRCStatic.h(68): warning C4018: '<': signed/unsigned mismatch
D:\skola\bakalarka\Aplikace\DDL_Procesor\Framework\common/stream/cCharStream.h(118): warning C4244: '=': conversion from 'const common::llong' to 'common::uint', possible loss of data
D:\skola\bakalarka\Aplikace\DDL_Procesor\Framework\common/cBitString.h(477): warning C4018: '<': signed/unsigned mismatch
D:\skola\bakalarka\Aplikace\DDL_Procesor\Framework\dstruct/paged/core/cNode.h(130): warning C4800: 'unsigned int': forcing value to bool 'true' or 'false' (performance warning)
D:\skola\bakalarka\Aplikace\DDL_Procesor\Framework\common/datatype/tuple/cTuple.h(377): warning C4244: '=': conversion from 'unsigned int' to 'float', possible loss of data
D:\skola\bakalarka\Aplikace\DDL_Procesor\Framework\common/datatype/tuple/cTuple.h(378): warning C4244: '=': conversion from 'unsigned int' to 'float', possible loss of data
D:\skola\bakalarka\Aplikace\DDL_Procesor\Framework\common/datatype/tuple/cTuple.h(383): warning C4244: '=': conversion from 'unsigned int' to 'float', possible loss of data
D:\skola\bakalarka\Aplikace\DDL_Procesor\Framework\common/datatype/tuple/cTuple.h(389): warning C4244: '=': conversion from 'unsigned int' to 'float', possible loss of data
D:\skola\bakalarka\Aplikace\DDL_Procesor\Framework\common/datatype/tuple/cTuple.h(390): warning C4244: '=': conversion from 'unsigned int' to 'float', possible loss of data
D:\skola\bakalarka\Aplikace\DDL_Procesor\Framework\common/datatype/tuple/cTuple.h(406): warning C4244: '=': conversion from 'int' to 'float', possible loss of data
D:\skola\bakalarka\Aplikace\DDL_Procesor\Framework\common/datatype/tuple/cTuple.h(407): warning C4244: '=': conversion from 'double' to 'float', possible loss of data
D:\skola\bakalarka\Aplikace\DDL_Procesor\Framework\common/datatype/tuple/cTuple.h(527): warning C4244: '=': conversion from 'unsigned int' to 'float', possible loss of data
D:\skola\bakalarka\Aplikace\DDL_Procesor\Framework\common/datatype/tuple/cTuple.h(528): warning C4244: '=': conversion from 'unsigned int' to 'float', possible loss of data
D:\skola\bakalarka\Aplikace\DDL_Procesor\Framework\common/datatype/tuple/cTuple.h(533): warning C4244: '=': conversion from 'unsigned int' to 'float', possible loss of data
D:\skola\bakalarka\Aplikace\DDL_Procesor\Framework\common/datatype/tuple/cTuple.h(538): warning C4244: '=': conversion from 'unsigned int' to 'float', possible loss of data
D:\skola\bakalarka\Aplikace\DDL_Procesor\Framework\common/datatype/tuple/cTuple.h(539): warning C4244: '=': conversion from 'unsigned int' to 'float', possible loss of data
D:\skola\bakalarka\Aplikace\DDL_Procesor\Framework\common/datatype/tuple/cTuple.h(548): warning C4244: '=': conversion from 'int' to 'float', possible loss of data
D:\skola\bakalarka\Aplikace\DDL_Procesor\Framework\common/datatype/tuple/cTuple.h(549): warning C4244: '=': conversion from 'double' to 'float', possible loss of data
D:\skola\bakalarka\Aplikace\DDL_Procesor\Framework\common/datatype/tuple/cTuple.h(670): warning C4018: '<=': signed/unsigned mismatch
D:\skola\bakalarka\Aplikace\DDL_Procesor\Framework\common/datatype/tuple/cTuple.h(1182): warning C4477: 'sprintf' : format string '%f' requires an argument of type 'double', but variadic argument 1 has type 'int'
D:\skola\bakalarka\Aplikace\DDL_Procesor\Framework\common/datatype/tuple/cTuple.h(2322): warning C4552: '<<': operator has no effect; expected operator with side-effect
D:\skola\bakalarka\Aplikace\DDL_Procesor\Framework\common/datatype/tuple/cTuple.h(2332): warning C4552: '<<': operator has no effect; expected operator with side-effect
D:\skola\bakalarka\Aplikace\DDL_Procesor\Framework\common/datatype/tuple/cTuple.h(2348): warning C4018: '<': signed/unsigned mismatch
D:\skola\bakalarka\Aplikace\DDL_Procesor\Framework\dstruct/paged/queryprocessing/cRangeQueryConfig.h(22): warning C4091: 'typedef ': ignored on left of 'dstruct::paged::QueryType::QueryTypes' when no variable is declared
D:\skola\bakalarka\Aplikace\DDL_Procesor\Framework\dstruct/paged/queryprocessing/cDbfsLevel.h(42): warning C4101: 'size': unreferenced local variable
D:\skola\bakalarka\Aplikace\DDL_Procesor\Framework\dstruct/paged/core/cNodeCache.h(329): warning C4244: 'initializing': conversion from 'common::ullong' to 'unsigned int', possible loss of data
D:\skola\bakalarka\Aplikace\DDL_Procesor\Framework\dstruct/paged/core/cNodeCache.h(400): warning C4018: '>': signed/unsigned mismatch
D:\skola\bakalarka\Aplikace\DDL_Procesor\Framework\dstruct/paged/core/cNodeCache.h(566): warning C4244: 'initializing': conversion from 'common::llong' to 'unsigned int', possible loss of data
D:\skola\bakalarka\Aplikace\DDL_Procesor\Framework\dstruct/paged/core/cNodeCache.h(606): warning C4244: '=': conversion from 'common::llong' to 'unsigned int', possible loss of data
D:\skola\bakalarka\Aplikace\DDL_Procesor\Framework\dstruct/paged/core/cNodeCache.h(723): warning C4244: 'argument': conversion from 'common::llong' to 'unsigned int', possible loss of data
D:\skola\bakalarka\Aplikace\DDL_Procesor\Framework\dstruct/paged/core/cNodeCache.h(725): warning C4244: 'argument': conversion from 'common::llong' to 'unsigned int', possible loss of data
D:\skola\bakalarka\Aplikace\DDL_Procesor\Framework\dstruct/paged/core/cNodeCache.h(787): warning C4244: 'argument': conversion from 'common::llong' to 'unsigned int', possible loss of data
D:\skola\bakalarka\Aplikace\DDL_Procesor\Framework\dstruct/paged/core/cNodeCache.h(789): warning C4244: 'argument': conversion from 'common::llong' to 'unsigned int', possible loss of data
D:\skola\bakalarka\Aplikace\DDL_Procesor\Framework\dstruct/paged/rtree/cRTreeConst.h(27): warning C4091: 'typedef ': ignored on left of 'cQueryType::QueryType' when no variable is declared
D:\skola\bakalarka\Aplikace\DDL_Procesor\Framework\dstruct/paged/rtree/cRTreeConst.h(32): warning C4091: 'typedef ': ignored on left of 'Find::FindMBR' when no variable is declared
D:\skola\bakalarka\Aplikace\DDL_Procesor\Framework\dstruct/paged/rtree/cRTreeConst.h(38): warning C4091: 'typedef ': ignored on left of 'Compression::Comp' when no variable is declared
D:\skola\bakalarka\Aplikace\DDL_Procesor\Framework\dstruct/paged/rtree/cRTreeConst.h(44): warning C4091: 'typedef ': ignored on left of 'Reduction::Reduce' when no variable is declared
D:\skola\bakalarka\Aplikace\DDL_Procesor\Framework\dstruct/paged/rtree/cRTreeConst.h(50): warning C4091: 'typedef ': ignored on left of 'Split::Splits' when no variable is declared
D:\skola\bakalarka\Aplikace\DDL_Procesor\Framework\common/datatype/tuple/cMBRectangle.h(51): warning C4091: 'typedef ': ignored on left of 'common::datatype::tuple::Processing::Compare' when no variable is declared
D:\skola\bakalarka\Aplikace\DDL_Procesor\Framework\common/data/cDataCollection.h(16): warning C4091: 'typedef ': ignored on left of 'cCollection::Collect' when no variable is declared
D:\skola\bakalarka\Aplikace\DDL_Procesor\Framework\common/data/cDataCollection.h(21): warning C4091: 'typedef ': ignored on left of 'Computer::Collect' when no variable is declared
d:\skola\bakalarka\aplikace\ddl_procesor\ddl_procesor\cTranslatorCreate.h(283): warning C4018: '<': signed/unsigned mismatch
d:\skola\bakalarka\aplikace\ddl_procesor\ddl_procesor\cTranslatorCreate.h(322): warning C4018: '<': signed/unsigned mismatch
d:\skola\bakalarka\aplikace\ddl_procesor\ddl_procesor\cTranslatorCreate.h(330): warning C4018: '<': signed/unsigned mismatch
d:\skola\bakalarka\aplikace\ddl_procesor\ddl_procesor\cTranslatorCreate.h(356): warning C4018: '<': signed/unsigned mismatch
d:\skola\bakalarka\aplikace\ddl_procesor\ddl_procesor\cTranslatorCreate.h(385): warning C4018: '<': signed/unsigned mismatch
d:\skola\bakalarka\aplikace\ddl_procesor\ddl_procesor\cTranslatorCreate.h(422): warning C4018: '<': signed/unsigned mismatch
d:\skola\bakalarka\aplikace\ddl_procesor\ddl_procesor\cCompleteRTree.h(2): warning C4067: unexpected tokens following preprocessor directive - expected a newline
d:\skola\bakalarka\aplikace\ddl_procesor\ddl_procesor\cCompleteBTree.h(13): warning C4042: 'INMEMCACHE_SIZE': has bad storage class
  d:\skola\bakalarka\aplikace\ddl_procesor\ddl_procesor\cCompleteBTree.h(16): note: see reference to class template instantiation 'cCompleteBTree<TKey>' being compiled
d:\skola\bakalarka\aplikace\ddl_procesor\ddl_procesor\cCompleteBTree.h(14): warning C4042: 'INMEMCACHE_SIZE': has bad storage class
d:\skola\bakalarka\aplikace\ddl_procesor\ddl_procesor\cCompleteBTree.h(18): warning C4042: 'inMemCacheSize': has bad storage class
d:\skola\bakalarka\aplikace\ddl_procesor\ddl_procesor\cCompleteBTree.h(24): warning C4042: 'INMEMCACHE_SIZE': has bad storage class
d:\skola\bakalarka\aplikace\ddl_procesor\ddl_procesor\cTable.h(59): warning C4042: 'inMemCacheSize': has bad storage class
d:\skola\bakalarka\aplikace\ddl_procesor\ddl_procesor\cTable.h(60): warning C4042: 'inMemCacheSize': has bad storage class
d:\skola\bakalarka\aplikace\ddl_procesor\ddl_procesor\cTable.h(61): warning C4042: 'inMemCacheSize': has bad storage class
d:\skola\bakalarka\aplikace\ddl_procesor\ddl_procesor\cTable.h(77): warning C4042: 'inMemCacheSize': has bad storage class
d:\skola\bakalarka\aplikace\ddl_procesor\ddl_procesor\cTable.h(94): warning C4018: '<': signed/unsigned mismatch
d:\skola\bakalarka\aplikace\ddl_procesor\ddl_procesor\cTable.h(210): warning C4018: '<': signed/unsigned mismatch
d:\skola\bakalarka\aplikace\ddl_procesor\ddl_procesor\cTable.h(261): warning C4018: '<=': signed/unsigned mismatch
d:\skola\bakalarka\aplikace\ddl_procesor\ddl_procesor\cTable.h(298): warning C4018: '<=': signed/unsigned mismatch
d:\skola\bakalarka\aplikace\ddl_procesor\ddl_procesor\cTable.h(333): warning C4018: '<=': signed/unsigned mismatch
d:\skola\bakalarka\aplikace\ddl_procesor\ddl_procesor\cTable.h(365): warning C4018: '<=': signed/unsigned mismatch
d:\skola\bakalarka\aplikace\ddl_procesor\ddl_procesor\cTable.h(393): warning C4042: 'inMemCacheSize': has bad storage class
d:\skola\bakalarka\aplikace\ddl_procesor\ddl_procesor\cTable.h(395): warning C4101: 'keyPosition': unreferenced local variable
d:\skola\bakalarka\aplikace\ddl_procesor\ddl_procesor\cTable.h(682): warning C4244: 'initializing': conversion from 'wchar_t' to 'char', possible loss of data
d:\skola\bakalarka\aplikace\ddl_procesor\ddl_procesor\cTable.h(716): warning C4244: 'initializing': conversion from 'wchar_t' to 'char', possible loss of data
DDL_Procesor.cpp(23): warning C4244: 'initializing': conversion from 'double' to 'common::uint', possible loss of data
D:\skola\bakalarka\Aplikace\DDL_Procesor\Framework\common/memorystructures/cArray.h(137): warning C4018: '<': signed/unsigned mismatch
  D:\skola\bakalarka\Aplikace\DDL_Procesor\Framework\common/memorystructures/cArray.h(136): note: while compiling class template member function 'const char cArray<char>::operator [](const int) const'
  D:\skola\bakalarka\Aplikace\DDL_Procesor\Framework\common/cString.h(119): note: see reference to function template instantiation 'const char cArray<char>::operator [](const int) const' being compiled
  D:\skola\bakalarka\Aplikace\DDL_Procesor\Framework\common/cString.h(109): note: see reference to class template instantiation 'cArray<char>' being compiled
D:\skola\bakalarka\Aplikace\DDL_Procesor\Framework\common/memorystructures/cArray.h(121): warning C4018: '<': signed/unsigned mismatch
  D:\skola\bakalarka\Aplikace\DDL_Procesor\Framework\common/memorystructures/cArray.h(120): note: while compiling class template member function 'char &cArray<char>::operator [](const int)'
  D:\skola\bakalarka\Aplikace\DDL_Procesor\Framework\common/cString.h(114): note: see reference to function template instantiation 'char &cArray<char>::operator [](const int)' being compiled
D:\skola\bakalarka\Aplikace\DDL_Procesor\Framework\dstruct/paged/b+tree/cCommonB+Tree.h(721): warning C4018: '>=': signed/unsigned mismatch
  D:\skola\bakalarka\Aplikace\DDL_Procesor\Framework\dstruct/paged/b+tree/cCommonB+Tree.h(545): note: while compiling class template member function 'bool dstruct::paged::bptree::cCommonBpTree<dstruct::paged::bptree::cBpTreeNode<TKey>,dstruct::paged::bptree::cBpTreeNode<TKey>,TKey>::Insert(const TKey &,char *,unsigned int)'
          with
          [
              TKey=common::datatype::tuple::cTuple
          ]
  d:\skola\bakalarka\aplikace\ddl_procesor\ddl_procesor\cTable.h(343): note: see reference to function template instantiation 'bool dstruct::paged::bptree::cCommonBpTree<dstruct::paged::bptree::cBpTreeNode<TKey>,dstruct::paged::bptree::cBpTreeNode<TKey>,TKey>::Insert(const TKey &,char *,unsigned int)' being compiled
          with
          [
              TKey=common::datatype::tuple::cTuple
          ]
  D:\skola\bakalarka\Aplikace\DDL_Procesor\Framework\dstruct/paged/b+tree/cB+Tree.h(31): note: see reference to class template instantiation 'dstruct::paged::bptree::cCommonBpTree<dstruct::paged::bptree::cBpTreeNode<TKey>,dstruct::paged::bptree::cBpTreeNode<TKey>,TKey>' being compiled
          with
          [
              TKey=common::datatype::tuple::cTuple
          ]
  d:\skola\bakalarka\aplikace\ddl_procesor\framework\dstruct\paged\rtree\cSignatureStorage.h(143): note: see reference to class template instantiation 'dstruct::paged::bptree::cBpTree<common::datatype::tuple::cTuple>' being compiled
D:\skola\bakalarka\Aplikace\DDL_Procesor\Framework\dstruct/paged/b+tree/cCommonB+Tree.h(1614): warning C4101: 'c1': unreferenced local variable
  D:\skola\bakalarka\Aplikace\DDL_Procesor\Framework\dstruct/paged/b+tree/cCommonB+Tree.h(1604): note: while compiling class template member function 'dstruct::paged::core::cTreeItemStream<TKey> *dstruct::paged::bptree::cCommonBpTree<dstruct::paged::bptree::cBpTreeNode<TKey>,dstruct::paged::bptree::cBpTreeNode<TKey>,TKey>::RangeQuery(const TKey &,const TKey &,dstruct::paged::cQueryProcStat *,int,unsigned int,dstruct::paged::core::cTreeItemStream<TKey> *,char *,bool *)'
          with
          [
              TKey=common::datatype::tuple::cTuple
          ]
  D:\skola\bakalarka\Aplikace\DDL_Procesor\Framework\dstruct/paged/b+tree/cCommonB+Tree.h(1082): note: see reference to function template instantiation 'dstruct::paged::core::cTreeItemStream<TKey> *dstruct::paged::bptree::cCommonBpTree<dstruct::paged::bptree::cBpTreeNode<TKey>,dstruct::paged::bptree::cBpTreeNode<TKey>,TKey>::RangeQuery(const TKey &,const TKey &,dstruct::paged::cQueryProcStat *,int,unsigned int,dstruct::paged::core::cTreeItemStream<TKey> *,char *,bool *)' being compiled
          with
          [
              TKey=common::datatype::tuple::cTuple
          ]
  D:\skola\bakalarka\Aplikace\DDL_Procesor\Framework\dstruct/paged/b+tree/cCommonB+Tree.h(956): note: while compiling class template member function 'dstruct::paged::bptree::cBpTreeNode<TKey> *dstruct::paged::bptree::cCommonBpTree<dstruct::paged::bptree::cBpTreeNode<TKey>,dstruct::paged::bptree::cBpTreeNode<TKey>,TKey>::SearchForRightOrderInInnerNode(const dstruct::paged::tNodeIndex,const dstruct::paged::tNodeIndex,unsigned int &,int &,dstruct::paged::tNodeIndex *,int *)'
          with
          [
              TKey=common::datatype::tuple::cTuple
          ]
D:\skola\bakalarka\Aplikace\DDL_Procesor\Framework\common/memorystructures/cHashTable.h(232): warning C4800: 'unsigned int': forcing value to bool 'true' or 'false' (performance warning)
  D:\skola\bakalarka\Aplikace\DDL_Procesor\Framework\common/memorystructures/cHashTable.h(216): note: while compiling class template member function 'bool common::memorystructures::cHashTable<TKey,cCharString>::Find(const TKey &,char *&) const'
          with
          [
              TKey=common::datatype::tuple::cTuple
          ]
  D:\skola\bakalarka\Aplikace\DDL_Procesor\Framework\dstruct/paged/b+tree/cCommonB+Tree.h(1077): note: see reference to function template instantiation 'bool common::memorystructures::cHashTable<TKey,cCharString>::Find(const TKey &,char *&) const' being compiled
          with
          [
              TKey=common::datatype::tuple::cTuple
          ]
  D:\skola\bakalarka\Aplikace\DDL_Procesor\Framework\dstruct/paged/b+tree/cCommonB+Tree.h(1077): note: see reference to class template instantiation 'common::memorystructures::cHashTable<TKey,cCharString>' being compiled
          with
          [
              TKey=common::datatype::tuple::cTuple
          ]
  D:\skola\bakalarka\Aplikace\DDL_Procesor\Framework\dstruct/paged/b+tree/cCommonB+Tree.h(1066): note: while compiling class template member function 'bool dstruct::paged::bptree::cCommonBpTree<dstruct::paged::bptree::cBpTreeNode<TKey>,dstruct::paged::bptree::cBpTreeNode<TKey>,TKey>::PointQuery(const TKey &,char *,dstruct::paged::cQueryProcStat *,int)'
          with
          [
              TKey=common::datatype::tuple::cTuple
          ]
  d:\skola\bakalarka\aplikace\ddl_procesor\framework\dstruct\paged\rtree\cSignatureStorage.h(169): note: see reference to function template instantiation 'bool dstruct::paged::bptree::cCommonBpTree<dstruct::paged::bptree::cBpTreeNode<TKey>,dstruct::paged::bptree::cBpTreeNode<TKey>,TKey>::PointQuery(const TKey &,char *,dstruct::paged::cQueryProcStat *,int)' being compiled
          with
          [
              TKey=common::datatype::tuple::cTuple
          ]
D:\skola\bakalarka\Aplikace\DDL_Procesor\Framework\dstruct/paged/core/cTreeItemStream.h(149): warning C4244: 'initializing': conversion from 'common::llong' to 'unsigned int', possible loss of data
  D:\skola\bakalarka\Aplikace\DDL_Procesor\Framework\dstruct/paged/core/cTreeItemStream.h(148): note: while compiling class template member function 'bool dstruct::paged::core::cTreeItemStream<TKey>::Add(const char *)'
          with
          [
              TKey=common::datatype::tuple::cTuple
          ]
  D:\skola\bakalarka\Aplikace\DDL_Procesor\Framework\dstruct/paged/b+tree/cCommonB+Tree.h(1699): note: see reference to function template instantiation 'bool dstruct::paged::core::cTreeItemStream<TKey>::Add(const char *)' being compiled
          with
          [
              TKey=common::datatype::tuple::cTuple
          ]
  D:\skola\bakalarka\Aplikace\DDL_Procesor\Framework\dstruct/paged/b+tree/cCommonB+Tree.h(1627): note: see reference to class template instantiation 'dstruct::paged::core::cTreeItemStream<TKey>' being compiled
          with
          [
              TKey=common::datatype::tuple::cTuple
          ]
  D:\skola\bakalarka\Aplikace\DDL_Procesor\Framework\dstruct/paged/b+tree/cCommonB+Tree.h(1604): note: while compiling class template member function 'dstruct::paged::core::cTreeItemStream<TKey> *dstruct::paged::bptree::cCommonBpTree<dstruct::paged::bptree::cBpTreeNode<TKey>,dstruct::paged::bptree::cBpTreeNode<TKey>,TKey>::RangeQuery(const TKey &,const TKey &,dstruct::paged::cQueryProcStat *,int,unsigned int,dstruct::paged::core::cTreeItemStream<TKey> *,char *,bool *)'
          with
          [
              TKey=common::datatype::tuple::cTuple
          ]
  D:\skola\bakalarka\Aplikace\DDL_Procesor\Framework\dstruct/paged/b+tree/cCommonB+Tree.h(1082): note: see reference to function template instantiation 'dstruct::paged::core::cTreeItemStream<TKey> *dstruct::paged::bptree::cCommonBpTree<dstruct::paged::bptree::cBpTreeNode<TKey>,dstruct::paged::bptree::cBpTreeNode<TKey>,TKey>::RangeQuery(const TKey &,const TKey &,dstruct::paged::cQueryProcStat *,int,unsigned int,dstruct::paged::core::cTreeItemStream<TKey> *,char *,bool *)' being compiled
          with
          [
              TKey=common::datatype::tuple::cTuple
          ]
d:\skola\bakalarka\aplikace\ddl_procesor\framework\dstruct\paged\rtree\cRTreeNode.h(1126): warning C4018: '>=': signed/unsigned mismatch
  d:\skola\bakalarka\aplikace\ddl_procesor\framework\dstruct\paged\rtree\cRTreeNode.h(1097): note: while compiling class template member function 'bool dstruct::paged::rtree::cRTreeNode<common::datatype::tuple::cMBRectangle<common::datatype::tuple::cTuple>>::FindMbr_Ordered(const common::datatype::tuple::cTuple &,unsigned int &,const dstruct::paged::rtree::cRTreeOrderIndex<TKey> *)'
          with
          [
              TKey=common::datatype::tuple::cTuple
          ]
  D:\skola\bakalarka\Aplikace\DDL_Procesor\Framework\dstruct/paged/rtree/cCommonRTree_Insert.h(224): note: see reference to function template instantiation 'bool dstruct::paged::rtree::cRTreeNode<common::datatype::tuple::cMBRectangle<common::datatype::tuple::cTuple>>::FindMbr_Ordered(const common::datatype::tuple::cTuple &,unsigned int &,const dstruct::paged::rtree::cRTreeOrderIndex<TKey> *)' being compiled
          with
          [
              TKey=common::datatype::tuple::cTuple
          ]
  d:\skola\bakalarka\aplikace\ddl_procesor\framework\dstruct\paged\rtree\cRTreeNode.h(359): note: while compiling class template member function 'void dstruct::paged::rtree::cRTreeNode<common::datatype::tuple::cMBRectangle<common::datatype::tuple::cTuple>>::UpdateMbr(unsigned int,const char *)'
  D:\skola\bakalarka\Aplikace\DDL_Procesor\Framework\dstruct/paged/rtree/cCommonRTree_Insert.h(533): note: see reference to function template instantiation 'void dstruct::paged::rtree::cRTreeNode<common::datatype::tuple::cMBRectangle<common::datatype::tuple::cTuple>>::UpdateMbr(unsigned int,const char *)' being compiled
  D:\skola\bakalarka\Aplikace\DDL_Procesor\Framework\dstruct/paged/rtree/cCommonRTree_Insert.h(446): note: see reference to class template instantiation 'dstruct::paged::rtree::cRTreeNode<common::datatype::tuple::cMBRectangle<common::datatype::tuple::cTuple>>' being compiled
  D:\skola\bakalarka\Aplikace\DDL_Procesor\Framework\dstruct/paged/rtree/cCommonRTree_Insert.h(401): note: while compiling class template member function 'int dstruct::paged::rtree::cCommonRTree<common::datatype::tuple::cMBRectangle<common::datatype::tuple::cTuple>,TKey,dstruct::paged::rtree::cRTreeNode<common::datatype::tuple::cMBRectangle<common::datatype::tuple::cTuple>>,dstruct::paged::rtree::cRTreeLeafNode<TKey>>::Insert(const TKey &,char *)'
          with
          [
              TKey=common::datatype::tuple::cTuple
          ]
  d:\skola\bakalarka\aplikace\ddl_procesor\ddl_procesor\cTable.h(271): note: see reference to function template instantiation 'int dstruct::paged::rtree::cCommonRTree<common::datatype::tuple::cMBRectangle<common::datatype::tuple::cTuple>,TKey,dstruct::paged::rtree::cRTreeNode<common::datatype::tuple::cMBRectangle<common::datatype::tuple::cTuple>>,dstruct::paged::rtree::cRTreeLeafNode<TKey>>::Insert(const TKey &,char *)' being compiled
          with
          [
              TKey=common::datatype::tuple::cTuple
          ]
  D:\skola\bakalarka\Aplikace\DDL_Procesor\Framework\dstruct/paged/rtree/cRTree.h(37): note: see reference to class template instantiation 'dstruct::paged::rtree::cCommonRTree<common::datatype::tuple::cMBRectangle<common::datatype::tuple::cTuple>,TKey,dstruct::paged::rtree::cRTreeNode<common::datatype::tuple::cMBRectangle<common::datatype::tuple::cTuple>>,dstruct::paged::rtree::cRTreeLeafNode<TKey>>' being compiled
          with
          [
              TKey=common::datatype::tuple::cTuple
          ]
  d:\skola\bakalarka\aplikace\ddl_procesor\ddl_procesor\cTable.h(271): note: see reference to class template instantiation 'dstruct::paged::rtree::cRTree<TKey>' being compiled
          with
          [
              TKey=common::datatype::tuple::cTuple
          ]
d:\skola\bakalarka\aplikace\ddl_procesor\framework\dstruct\paged\rtree\cRTreeNode.h(1474): warning C4018: '<': signed/unsigned mismatch
  d:\skola\bakalarka\aplikace\ddl_procesor\framework\dstruct\paged\rtree\cRTreeNode.h(1463): note: while compiling class template member function 'void dstruct::paged::rtree::cRTreeNode<common::datatype::tuple::cMBRectangle<common::datatype::tuple::cTuple>>::InsertTupleOrder(dstruct::paged::rtree::cRTreeNode<common::datatype::tuple::cMBRectangle<common::datatype::tuple::cTuple>> *,dstruct::paged::rtree::cRTreeNode<common::datatype::tuple::cMBRectangle<common::datatype::tuple::cTuple>> *,char *,const dstruct::paged::tNodeIndex &,dstruct::paged::rtree::cRTreeNodeHeader<TMbr> *)'
          with
          [
              TMbr=common::datatype::tuple::cMBRectangle<common::datatype::tuple::cTuple>
          ]
  D:\skola\bakalarka\Aplikace\DDL_Procesor\Framework\dstruct/paged/rtree/cCommonRTree_Insert.h(332): note: see reference to function template instantiation 'void dstruct::paged::rtree::cRTreeNode<common::datatype::tuple::cMBRectangle<common::datatype::tuple::cTuple>>::InsertTupleOrder(dstruct::paged::rtree::cRTreeNode<common::datatype::tuple::cMBRectangle<common::datatype::tuple::cTuple>> *,dstruct::paged::rtree::cRTreeNode<common::datatype::tuple::cMBRectangle<common::datatype::tuple::cTuple>> *,char *,const dstruct::paged::tNodeIndex &,dstruct::paged::rtree::cRTreeNodeHeader<TMbr> *)' being compiled
          with
          [
              TMbr=common::datatype::tuple::cMBRectangle<common::datatype::tuple::cTuple>
          ]
d:\skola\bakalarka\aplikace\ddl_procesor\framework\dstruct\paged\rtree\cRTreeNode.h(1485): warning C4018: '<': signed/unsigned mismatch
d:\skola\bakalarka\aplikace\ddl_procesor\framework\dstruct\paged\rtree\cRTreeLeafNode.h(333): warning C4244: 'initializing': conversion from 'double' to 'unsigned int', possible loss of data
  d:\skola\bakalarka\aplikace\ddl_procesor\framework\dstruct\paged\rtree\cRTreeLeafNode.h(330): note: while compiling class template member function 'void dstruct::paged::rtree::cRTreeLeafNode<TKey>::Split_DivideMbr(dstruct::paged::rtree::cRTreeLeafNode<TKey> &,dstruct::paged::core::cNodeBuffers<TKey> *)'
          with
          [
              TKey=common::datatype::tuple::cTuple
          ]
  d:\skola\bakalarka\aplikace\ddl_procesor\framework\dstruct\paged\rtree\cRTreeLeafNode.h(262): note: see reference to function template instantiation 'void dstruct::paged::rtree::cRTreeLeafNode<TKey>::Split_DivideMbr(dstruct::paged::rtree::cRTreeLeafNode<TKey> &,dstruct::paged::core::cNodeBuffers<TKey> *)' being compiled
          with
          [
              TKey=common::datatype::tuple::cTuple
          ]
  d:\skola\bakalarka\aplikace\ddl_procesor\framework\dstruct\paged\rtree\cRTreeLeafNode.h(1564): note: while compiling class template member function 'void dstruct::paged::rtree::cRTreeLeafNode<TKey>::CreateMbr(char *,char *,dstruct::paged::core::cNodeBuffers<TKey> *) const'
          with
          [
              TKey=common::datatype::tuple::cTuple
          ]
  D:\skola\bakalarka\Aplikace\DDL_Procesor\Framework\dstruct/paged/rtree/cCommonRTree_Insert.h(104): note: see reference to function template instantiation 'void dstruct::paged::rtree::cRTreeLeafNode<TKey>::CreateMbr(char *,char *,dstruct::paged::core::cNodeBuffers<TKey> *) const' being compiled
          with
          [
              TKey=common::datatype::tuple::cTuple
          ]
  D:\skola\bakalarka\Aplikace\DDL_Procesor\Framework\dstruct/paged/rtree/cCommonRTree_Insert.h(72): note: while compiling class template member function 'void dstruct::paged::rtree::cCommonRTree<common::datatype::tuple::cMBRectangle<common::datatype::tuple::cTuple>,TKey,dstruct::paged::rtree::cRTreeNode<common::datatype::tuple::cMBRectangle<common::datatype::tuple::cTuple>>,dstruct::paged::rtree::cRTreeLeafNode<TKey>>::SplitLeafNode(TLeafNode *,const TKey &,dstruct::paged::tNodeIndex &,char *,dstruct::paged::rtree::cInsertBuffers<TKey> *)'
          with
          [
              TKey=common::datatype::tuple::cTuple,
              TLeafNode=dstruct::paged::rtree::cRTreeLeafNode<common::datatype::tuple::cTuple>
          ]
  D:\skola\bakalarka\Aplikace\DDL_Procesor\Framework\dstruct/paged/rtree/cCommonRTree_Insert.h(475): note: see reference to function template instantiation 'void dstruct::paged::rtree::cCommonRTree<common::datatype::tuple::cMBRectangle<common::datatype::tuple::cTuple>,TKey,dstruct::paged::rtree::cRTreeNode<common::datatype::tuple::cMBRectangle<common::datatype::tuple::cTuple>>,dstruct::paged::rtree::cRTreeLeafNode<TKey>>::SplitLeafNode(TLeafNode *,const TKey &,dstruct::paged::tNodeIndex &,char *,dstruct::paged::rtree::cInsertBuffers<TKey> *)' being compiled
          with
          [
              TKey=common::datatype::tuple::cTuple,
              TLeafNode=dstruct::paged::rtree::cRTreeLeafNode<common::datatype::tuple::cTuple>
          ]
D:\skola\bakalarka\Aplikace\DDL_Procesor\Framework\dstruct/paged/core/cTreeNode_ri.h(147): warning C4244: 'initializing': conversion from 'double' to 'common::ushort', possible loss of data
  D:\skola\bakalarka\Aplikace\DDL_Procesor\Framework\dstruct/paged/core/cTreeNode_ri.h(143): note: while compiling class template member function 'char *dstruct::paged::core::cTreeNode<TKey>::CreateSubNode(const char *,common::ushort,common::ushort)'
          with
          [
              TKey=common::datatype::tuple::cTuple
          ]
  D:\skola\bakalarka\Aplikace\DDL_Procesor\Framework\dstruct/paged/core/cTreeNode_ri.h(857): note: see reference to function template instantiation 'char *dstruct::paged::core::cTreeNode<TKey>::CreateSubNode(const char *,common::ushort,common::ushort)' being compiled
          with
          [
              TKey=common::datatype::tuple::cTuple
          ]
  D:\skola\bakalarka\Aplikace\DDL_Procesor\Framework\dstruct/paged/b+tree/cCommonB+Tree.h(196): note: while compiling class template member function 'bool dstruct::paged::bptree::cCommonBpTree<dstruct::paged::bptree::cBpTreeNode<TKey>,dstruct::paged::bptree::cBpTreeNode<TKey>,TKey>::Create(dstruct::paged::bptree::cBpTreeHeader<TKey> *,dstruct::paged::core::cQuickDB *)'
          with
          [
              TKey=common::datatype::tuple::cTuple
          ]
  d:\skola\bakalarka\aplikace\ddl_procesor\ddl_procesor\cCompleteBTree.h(34): note: see reference to function template instantiation 'bool dstruct::paged::bptree::cCommonBpTree<dstruct::paged::bptree::cBpTreeNode<TKey>,dstruct::paged::bptree::cBpTreeNode<TKey>,TKey>::Create(dstruct::paged::bptree::cBpTreeHeader<TKey> *,dstruct::paged::core::cQuickDB *)' being compiled
          with
          [
              TKey=common::datatype::tuple::cTuple
          ]
  D:\skola\bakalarka\Aplikace\DDL_Procesor\Framework\dstruct/paged/b+tree/cCommonB+Tree.h(837): note: while compiling class template member function 'void dstruct::paged::bptree::cCommonBpTree<dstruct::paged::bptree::cBpTreeNode<TKey>,dstruct::paged::bptree::cBpTreeNode<TKey>,TKey>::Insert_pre(dstruct::paged::bptree::cInsertBuffers<TKey> *)'
          with
          [
              TKey=common::datatype::tuple::cTuple
          ]
  D:\skola\bakalarka\Aplikace\DDL_Procesor\Framework\dstruct/paged/b+tree/cCommonB+Tree.h(589): note: see reference to function template instantiation 'void dstruct::paged::bptree::cCommonBpTree<dstruct::paged::bptree::cBpTreeNode<TKey>,dstruct::paged::bptree::cBpTreeNode<TKey>,TKey>::Insert_pre(dstruct::paged::bptree::cInsertBuffers<TKey> *)' being compiled
          with
          [
              TKey=common::datatype::tuple::cTuple
          ]
D:\skola\bakalarka\Aplikace\DDL_Procesor\Framework\dstruct/paged/core/cTreeNode_ri.h(1092): warning C4800: 'dstruct::paged::core::sItemBuffers *': forcing value to bool 'true' or 'false' (performance warning)
  D:\skola\bakalarka\Aplikace\DDL_Procesor\Framework\dstruct/paged/core/cTreeNode_ri.h(1035): note: while compiling class template member function 'void dstruct::paged::core::cTreeNode<TKey>::ConsistencyTest(dstruct::paged::core::sItemBuffers *)'
          with
          [
              TKey=common::datatype::tuple::cTuple
          ]
  D:\skola\bakalarka\Aplikace\DDL_Procesor\Framework\dstruct/paged/core/cTreeNode_ri.h(897): note: see reference to function template instantiation 'void dstruct::paged::core::cTreeNode<TKey>::ConsistencyTest(dstruct::paged::core::sItemBuffers *)' being compiled
          with
          [
              TKey=common::datatype::tuple::cTuple
          ]
D:\skola\bakalarka\Aplikace\DDL_Procesor\Framework\dstruct/paged/core/cTreeNode_rebuild.h(902): warning C4800: 'dstruct::paged::core::sItemBuffers *': forcing value to bool 'true' or 'false' (performance warning)
  D:\skola\bakalarka\Aplikace\DDL_Procesor\Framework\dstruct/paged/core/cTreeNode_rebuild.h(881): note: while compiling class template member function 'char *dstruct::paged::core::cTreeNode<TKey>::Rebuild(common::ushort,const char *,dstruct::paged::core::cNodeBuffers<TKey> *)'
          with
          [
              TKey=common::datatype::tuple::cTuple
          ]
  D:\skola\bakalarka\Aplikace\DDL_Procesor\Framework\dstruct/paged/core/cTreeNode_ri.h(880): note: see reference to function template instantiation 'char *dstruct::paged::core::cTreeNode<TKey>::Rebuild(common::ushort,const char *,dstruct::paged::core::cNodeBuffers<TKey> *)' being compiled
          with
          [
              TKey=common::datatype::tuple::cTuple
          ]
D:\skola\bakalarka\Aplikace\DDL_Procesor\Framework\dstruct/paged/core/cTreeNode_rebuild.h(951): warning C4800: 'dstruct::paged::core::sItemBuffers *': forcing value to bool 'true' or 'false' (performance warning)
D:\skola\bakalarka\Aplikace\DDL_Procesor\Framework\dstruct/paged/core/cTreeNode_rebuild.h(960): warning C4018: '>=': signed/unsigned mismatch
d:\skola\bakalarka\aplikace\ddl_procesor\framework\dstruct\paged\rtree\cRTreeNode.h(1253): warning C4018: '<=': signed/unsigned mismatch
  d:\skola\bakalarka\aplikace\ddl_procesor\framework\dstruct\paged\rtree\cRTreeNode.h(1145): note: while compiling class template member function 'void dstruct::paged::rtree::cRTreeNode<common::datatype::tuple::cMBRectangle<common::datatype::tuple::cTuple>>::Find2DisjMbrs(char *,int)'
  d:\skola\bakalarka\aplikace\ddl_procesor\framework\dstruct\paged\rtree\cRTreeNode.h(444): note: see reference to function template instantiation 'void dstruct::paged::rtree::cRTreeNode<common::datatype::tuple::cMBRectangle<common::datatype::tuple::cTuple>>::Find2DisjMbrs(char *,int)' being compiled
  d:\skola\bakalarka\aplikace\ddl_procesor\framework\dstruct\paged\rtree\cRTreeNode.h(434): note: while compiling class template member function 'void dstruct::paged::rtree::cRTreeNode<common::datatype::tuple::cMBRectangle<common::datatype::tuple::cTuple>>::SplitDisMbrs(dstruct::paged::rtree::cRTreeNode<common::datatype::tuple::cMBRectangle<common::datatype::tuple::cTuple>> &)'
  d:\skola\bakalarka\aplikace\ddl_procesor\framework\dstruct\paged\rtree\cRTreeNode.h(382): note: see reference to function template instantiation 'void dstruct::paged::rtree::cRTreeNode<common::datatype::tuple::cMBRectangle<common::datatype::tuple::cTuple>>::SplitDisMbrs(dstruct::paged::rtree::cRTreeNode<common::datatype::tuple::cMBRectangle<common::datatype::tuple::cTuple>> &)' being compiled
  d:\skola\bakalarka\aplikace\ddl_procesor\framework\dstruct\paged\rtree\cRTreeNode.h(375): note: while compiling class template member function 'void dstruct::paged::rtree::cRTreeNode<common::datatype::tuple::cMBRectangle<common::datatype::tuple::cTuple>>::Split(dstruct::paged::rtree::cRTreeNode<common::datatype::tuple::cMBRectangle<common::datatype::tuple::cTuple>> &)'
  D:\skola\bakalarka\Aplikace\DDL_Procesor\Framework\dstruct/paged/rtree/cCommonRTree_Insert.h(320): note: see reference to function template instantiation 'void dstruct::paged::rtree::cRTreeNode<common::datatype::tuple::cMBRectangle<common::datatype::tuple::cTuple>>::Split(dstruct::paged::rtree::cRTreeNode<common::datatype::tuple::cMBRectangle<common::datatype::tuple::cTuple>> &)' being compiled
d:\skola\bakalarka\aplikace\ddl_procesor\framework\dstruct\paged\rtree\cRTreeLeafNode.h(690): warning C4244: 'initializing': conversion from 'double' to 'unsigned int', possible loss of data
  d:\skola\bakalarka\aplikace\ddl_procesor\framework\dstruct\paged\rtree\cRTreeLeafNode.h(684): note: while compiling class template member function 'void dstruct::paged::rtree::cRTreeLeafNode<TKey>::BuildTwoDisjNodes(dstruct::paged::rtree::cRTreeLeafNode<TKey> &,dstruct::paged::rtree::cRTreeLeafNode<TKey> &,char *,char *,dstruct::paged::core::cNodeBuffers<TKey> *,unsigned int,unsigned int)'
          with
          [
              TKey=common::datatype::tuple::cTuple
          ]
  d:\skola\bakalarka\aplikace\ddl_procesor\framework\dstruct\paged\rtree\cRTreeLeafNode.h(318): note: see reference to function template instantiation 'void dstruct::paged::rtree::cRTreeLeafNode<TKey>::BuildTwoDisjNodes(dstruct::paged::rtree::cRTreeLeafNode<TKey> &,dstruct::paged::rtree::cRTreeLeafNode<TKey> &,char *,char *,dstruct::paged::core::cNodeBuffers<TKey> *,unsigned int,unsigned int)' being compiled
          with
          [
              TKey=common::datatype::tuple::cTuple
          ]
  d:\skola\bakalarka\aplikace\ddl_procesor\framework\dstruct\paged\rtree\cRTreeLeafNode.h(305): note: while compiling class template member function 'void dstruct::paged::rtree::cRTreeLeafNode<TKey>::Split_CutLongest(dstruct::paged::rtree::cRTreeLeafNode<TKey> &,char *,char *,dstruct::paged::core::cNodeBuffers<TKey> *)'
          with
          [
              TKey=common::datatype::tuple::cTuple
          ]
  d:\skola\bakalarka\aplikace\ddl_procesor\framework\dstruct\paged\rtree\cRTreeLeafNode.h(253): note: see reference to function template instantiation 'void dstruct::paged::rtree::cRTreeLeafNode<TKey>::Split_CutLongest(dstruct::paged::rtree::cRTreeLeafNode<TKey> &,char *,char *,dstruct::paged::core::cNodeBuffers<TKey> *)' being compiled
          with
          [
              TKey=common::datatype::tuple::cTuple
          ]
d:\skola\bakalarka\aplikace\ddl_procesor\framework\dstruct\paged\rtree\cRTreeLeafNode.h(575): warning C4244: 'initializing': conversion from 'double' to 'unsigned int', possible loss of data
  d:\skola\bakalarka\aplikace\ddl_procesor\framework\dstruct\paged\rtree\cRTreeLeafNode.h(569): note: while compiling class template member function 'void dstruct::paged::rtree::cRTreeLeafNode<TKey>::BuildTwoDisjNodes_ri(dstruct::paged::rtree::cRTreeLeafNode<TKey> &,dstruct::paged::rtree::cRTreeLeafNode<TKey> &,dstruct::paged::core::cNodeBuffers<TKey> *,dstruct::paged::core::cNodeBuffers<TKey> *,common::uint,common::uint)'
          with
          [
              TKey=common::datatype::tuple::cTuple
          ]
  d:\skola\bakalarka\aplikace\ddl_procesor\framework\dstruct\paged\rtree\cRTreeLeafNode.h(291): note: see reference to function template instantiation 'void dstruct::paged::rtree::cRTreeLeafNode<TKey>::BuildTwoDisjNodes_ri(dstruct::paged::rtree::cRTreeLeafNode<TKey> &,dstruct::paged::rtree::cRTreeLeafNode<TKey> &,dstruct::paged::core::cNodeBuffers<TKey> *,dstruct::paged::core::cNodeBuffers<TKey> *,common::uint,common::uint)' being compiled
          with
          [
              TKey=common::datatype::tuple::cTuple
          ]
d:\skola\bakalarka\aplikace\ddl_procesor\framework\dstruct\paged\rtree\cRTreeLeafNode.h(1139): warning C4244: '-=': conversion from 'float' to 'unsigned int', possible loss of data
  d:\skola\bakalarka\aplikace\ddl_procesor\framework\dstruct\paged\rtree\cRTreeLeafNode.h(1123): note: while compiling class template member function 'bool dstruct::paged::rtree::cRTreeLeafNode<TKey>::DivideMbr(char *,char *,unsigned int,dstruct::paged::core::cNodeBuffers<TKey> *)'
          with
          [
              TKey=common::datatype::tuple::cTuple
          ]
  d:\skola\bakalarka\aplikace\ddl_procesor\framework\dstruct\paged\rtree\cRTreeLeafNode.h(344): note: see reference to function template instantiation 'bool dstruct::paged::rtree::cRTreeLeafNode<TKey>::DivideMbr(char *,char *,unsigned int,dstruct::paged::core::cNodeBuffers<TKey> *)' being compiled
          with
          [
              TKey=common::datatype::tuple::cTuple
          ]
d:\skola\bakalarka\aplikace\ddl_procesor\framework\dstruct\paged\rtree\cRTreeLeafNode.h(485): warning C4305: 'initializing': truncation from 'double' to 'float'
  d:\skola\bakalarka\aplikace\ddl_procesor\framework\dstruct\paged\rtree\cRTreeLeafNode.h(467): note: while compiling class template member function 'bool dstruct::paged::rtree::cRTreeLeafNode<TKey>::Split(char *,char *,unsigned int,unsigned int,common::datatype::tuple::tMbrSideSizeOrder *,char *,char *,char *,char *,dstruct::paged::core::cNodeBuffers<TKey> *)'
          with
          [
              TKey=common::datatype::tuple::cTuple
          ]
  d:\skola\bakalarka\aplikace\ddl_procesor\framework\dstruct\paged\rtree\cRTreeLeafNode.h(317): note: see reference to function template instantiation 'bool dstruct::paged::rtree::cRTreeLeafNode<TKey>::Split(char *,char *,unsigned int,unsigned int,common::datatype::tuple::tMbrSideSizeOrder *,char *,char *,char *,char *,dstruct::paged::core::cNodeBuffers<TKey> *)' being compiled
          with
          [
              TKey=common::datatype::tuple::cTuple
          ]
d:\skola\bakalarka\aplikace\ddl_procesor\framework\dstruct\paged\rtree\cRTreeLeafNode.h(486): warning C4305: 'initializing': truncation from 'double' to 'float'
d:\skola\bakalarka\aplikace\ddl_procesor\framework\dstruct\paged\rtree\cRTreeLeafNode.h(504): warning C4305: '-=': truncation from 'double' to 'float'
D:\skola\bakalarka\Aplikace\DDL_Procesor\Framework\dstruct/paged/core/cTreeNode_ri.h(321): warning C4018: '>=': signed/unsigned mismatch
  D:\skola\bakalarka\Aplikace\DDL_Procesor\Framework\dstruct/paged/core/cTreeNode_ri.h(320): note: while compiling class template member function 'char *dstruct::paged::core::cTreeNode<TKey>::Replacement(common::ushort,short)'
          with
          [
              TKey=common::datatype::tuple::cTuple
          ]
  D:\skola\bakalarka\Aplikace\DDL_Procesor\Framework\dstruct/paged/core/cTreeNode_ri.h(182): note: see reference to function template instantiation 'char *dstruct::paged::core::cTreeNode<TKey>::Replacement(common::ushort,short)' being compiled
          with
          [
              TKey=common::datatype::tuple::cTuple
          ]
D:\skola\bakalarka\Aplikace\DDL_Procesor\Framework\dstruct/paged/core/cTreeNode_rebuild.h(676): warning C4800: 'dstruct::paged::core::sItemBuffers *': forcing value to bool 'true' or 'false' (performance warning)
  D:\skola\bakalarka\Aplikace\DDL_Procesor\Framework\dstruct/paged/core/cTreeNode_rebuild.h(667): note: while compiling class template member function 'void dstruct::paged::core::cTreeNode<TKey>::Rebuild(char *,const char *,char *,common::uint,dstruct::paged::core::cNodeBuffers<TKey> *)'
          with
          [
              TKey=common::datatype::tuple::cTuple
          ]
  D:\skola\bakalarka\Aplikace\DDL_Procesor\Framework\dstruct/paged/core/cTreeNode_rebuild.h(624): note: see reference to function template instantiation 'void dstruct::paged::core::cTreeNode<TKey>::Rebuild(char *,const char *,char *,common::uint,dstruct::paged::core::cNodeBuffers<TKey> *)' being compiled
          with
          [
              TKey=common::datatype::tuple::cTuple
          ]
D:\skola\bakalarka\Aplikace\DDL_Procesor\Framework\dstruct/paged/core/cTreeNode_rebuild.h(759): warning C4800: 'dstruct::paged::core::sItemBuffers *': forcing value to bool 'true' or 'false' (performance warning)
D:\skola\bakalarka\Aplikace\DDL_Procesor\Framework\dstruct/paged/core/cTreeItemStream.h(113): warning C4244: 'initializing': conversion from 'common::llong' to 'unsigned int', possible loss of data
  D:\skola\bakalarka\Aplikace\DDL_Procesor\Framework\dstruct/paged/core/cTreeItemStream.h(112): note: while compiling class template member function 'bool dstruct::paged::core::cTreeItemStream<TKey>::Add(const TKey &,const char *)'
          with
          [
              TKey=cUInt
          ]
  D:\skola\bakalarka\Aplikace\DDL_Procesor\Framework\dstruct/paged/b+tree/cCommonB+Tree.h(1117): note: see reference to function template instantiation 'bool dstruct::paged::core::cTreeItemStream<TKey>::Add(const TKey &,const char *)' being compiled
          with
          [
              TKey=cUInt
          ]
D:\skola\bakalarka\Aplikace\DDL_Procesor\Framework\common/datatype/tuple/cMBRectangle.h(745): warning C4244: '=': conversion from 'double' to 'unsigned int', possible loss of data
  D:\skola\bakalarka\Aplikace\DDL_Procesor\Framework\common/datatype/tuple/cMBRectangle.h(722): note: while compiling class template member function 'double common::datatype::tuple::cMBRectangle<common::datatype::tuple::cTuple>::VolumeNTuple(const char *,const char *,const common::datatype::tuple::cSpaceDescriptor *)'
  D:\skola\bakalarka\Aplikace\DDL_Procesor\Framework\common/datatype/tuple/cMBRectangle.h(710): note: see reference to function template instantiation 'double common::datatype::tuple::cMBRectangle<common::datatype::tuple::cTuple>::VolumeNTuple(const char *,const char *,const common::datatype::tuple::cSpaceDescriptor *)' being compiled
  D:\skola\bakalarka\Aplikace\DDL_Procesor\Framework\common/datatype/tuple/cMBRectangle.h(226): note: while compiling class template member function 'unsigned int common::datatype::tuple::cMBRectangle<common::datatype::tuple::cTuple>::GetLSize(common::uint,const common::datatype::cDTDescriptor *)'
  D:\skola\bakalarka\Aplikace\DDL_Procesor\Framework\dstruct/paged/core/cTreeNode.h(2006): note: see reference to function template instantiation 'unsigned int common::datatype::tuple::cMBRectangle<common::datatype::tuple::cTuple>::GetLSize(common::uint,const common::datatype::cDTDescriptor *)' being compiled
  D:\skola\bakalarka\Aplikace\DDL_Procesor\Framework\common/datatype/tuple/cMBRectangle.h(348): note: while compiling class template member function 'void common::datatype::tuple::cMBRectangle<common::datatype::tuple::cTuple>::Resize(const common::datatype::tuple::cSpaceDescriptor *)'
  D:\skola\bakalarka\Aplikace\DDL_Procesor\Framework\common/datatype/tuple/cMBRectangle.h(221): note: see reference to function template instantiation 'void common::datatype::tuple::cMBRectangle<common::datatype::tuple::cTuple>::Resize(const common::datatype::tuple::cSpaceDescriptor *)' being compiled
  D:\skola\bakalarka\Aplikace\DDL_Procesor\Framework\common/datatype/tuple/cMBRectangle.h(220): note: while compiling class template member function 'common::datatype::tuple::cMBRectangle<common::datatype::tuple::cTuple>::cMBRectangle(const common::datatype::tuple::cSpaceDescriptor *)'
  D:\skola\bakalarka\Aplikace\DDL_Procesor\Framework\dstruct/paged/b+tree/cB+TreeHeader.h(212): note: see reference to function template instantiation 'common::datatype::tuple::cMBRectangle<common::datatype::tuple::cTuple>::cMBRectangle(const common::datatype::tuple::cSpaceDescriptor *)' being compiled
  D:\skola\bakalarka\Aplikace\DDL_Procesor\Framework\common/datatype/tuple/cMBRectangle.h(298): note: while compiling class template member function 'common::datatype::tuple::cTuple *common::datatype::tuple::cMBRectangle<common::datatype::tuple::cTuple>::GetLoTuple(void)'
  D:\skola\bakalarka\Aplikace\DDL_Procesor\Framework\dstruct/paged/b+tree/cCommonB+Tree.h(579): note: see reference to function template instantiation 'common::datatype::tuple::cTuple *common::datatype::tuple::cMBRectangle<common::datatype::tuple::cTuple>::GetLoTuple(void)' being compiled
  D:\skola\bakalarka\Aplikace\DDL_Procesor\Framework\dstruct/paged/b+tree/cCommonB+Tree.h(579): note: see reference to class template instantiation 'common::datatype::tuple::cMBRectangle<common::datatype::tuple::cTuple>' being compiled
  D:\skola\bakalarka\Aplikace\DDL_Procesor\Framework\dstruct/paged/b+tree/cCommonB+Tree.h(545): note: while compiling class template member function 'bool dstruct::paged::bptree::cCommonBpTree<dstruct::paged::bptree::cBpTreeNode<TKey>,dstruct::paged::bptree::cBpTreeNode<TKey>,TKey>::Insert(const TKey &,char *,unsigned int)'
          with
          [
              TKey=common::datatype::tuple::cTuple
          ]
  d:\skola\bakalarka\aplikace\ddl_procesor\ddl_procesor\cTable.h(343): note: see reference to function template instantiation 'bool dstruct::paged::bptree::cCommonBpTree<dstruct::paged::bptree::cBpTreeNode<TKey>,dstruct::paged::bptree::cBpTreeNode<TKey>,TKey>::Insert(const TKey &,char *,unsigned int)' being compiled
          with
          [
              TKey=common::datatype::tuple::cTuple
          ]
d:\skola\bakalarka\aplikace\ddl_procesor\framework\dstruct\paged\rtree\cRTreeLeafNode.h(837): warning C4244: 'initializing': conversion from 'float' to 'unsigned int', possible loss of data
  d:\skola\bakalarka\aplikace\ddl_procesor\framework\dstruct\paged\rtree\cRTreeLeafNode.h(835): note: while compiling class template member function 'bool dstruct::paged::rtree::cRTreeLeafNode<TKey>::FindTwoDisjMbrs(char *,char *,char *,char *,unsigned int,unsigned int,unsigned int,float,dstruct::paged::core::cNodeBuffers<TKey> *)'
          with
          [
              TKey=common::datatype::tuple::cTuple
          ]
  d:\skola\bakalarka\aplikace\ddl_procesor\framework\dstruct\paged\rtree\cRTreeLeafNode.h(495): note: see reference to function template instantiation 'bool dstruct::paged::rtree::cRTreeLeafNode<TKey>::FindTwoDisjMbrs(char *,char *,char *,char *,unsigned int,unsigned int,unsigned int,float,dstruct::paged::core::cNodeBuffers<TKey> *)' being compiled
          with
          [
              TKey=common::datatype::tuple::cTuple
          ]
  d:\skola\bakalarka\aplikace\ddl_procesor\framework\dstruct\paged\rtree\cRTreeLeafNode.h(439): note: while compiling class template member function 'void dstruct::paged::rtree::cRTreeLeafNode<TKey>::SplitDivideMbr_pre(common::memdatstruct::cMemoryBlock **,char **,char **,char **)'
          with
          [
              TKey=common::datatype::tuple::cTuple
          ]
  d:\skola\bakalarka\aplikace\ddl_procesor\framework\dstruct\paged\rtree\cRTreeLeafNode.h(338): note: see reference to function template instantiation 'void dstruct::paged::rtree::cRTreeLeafNode<TKey>::SplitDivideMbr_pre(common::memdatstruct::cMemoryBlock **,char **,char **,char **)' being compiled
          with
          [
              TKey=common::datatype::tuple::cTuple
          ]
d:\skola\bakalarka\aplikace\ddl_procesor\framework\dstruct\paged\rtree\cRTreeLeafNode.h(850): warning C4244: '-=': conversion from 'float' to 'unsigned int', possible loss of data
D:\skola\bakalarka\Aplikace\DDL_Procesor\Framework\dstruct/paged/core/cTreeNode_rebuild.h(589): warning C4018: '<': signed/unsigned mismatch
  D:\skola\bakalarka\Aplikace\DDL_Procesor\Framework\dstruct/paged/core/cTreeNode_rebuild.h(514): note: while compiling class template member function 'common::memorystructures::cLinkedList<dstruct::paged::core::sCoverRecord> *dstruct::paged::core::cTreeNode<TKey>::SplitToSubNodes(common::memorystructures::cLinkedList<dstruct::paged::core::sCoverRecord> *,common::uint,common::uint,dstruct::paged::core::cNodeBuffers<TKey> *)'
          with
          [
              TKey=common::datatype::tuple::cTuple
          ]
  D:\skola\bakalarka\Aplikace\DDL_Procesor\Framework\dstruct/paged/core/cTreeNode_rebuild.h(730): note: see reference to function template instantiation 'common::memorystructures::cLinkedList<dstruct::paged::core::sCoverRecord> *dstruct::paged::core::cTreeNode<TKey>::SplitToSubNodes(common::memorystructures::cLinkedList<dstruct::paged::core::sCoverRecord> *,common::uint,common::uint,dstruct::paged::core::cNodeBuffers<TKey> *)' being compiled
          with
          [
              TKey=common::datatype::tuple::cTuple
          ]
D:\skola\bakalarka\Aplikace\DDL_Procesor\Framework\dstruct/paged/core/cTreeNode_rebuild.h(591): warning C4018: '>': signed/unsigned mismatch
D:\skola\bakalarka\Aplikace\DDL_Procesor\Framework\dstruct/paged/core/cTreeNode_rebuild.h(1385): warning C4244: 'initializing': conversion from 'float' to 'unsigned int', possible loss of data
  D:\skola\bakalarka\Aplikace\DDL_Procesor\Framework\dstruct/paged/core/cTreeNode_rebuild.h(1379): note: while compiling class template member function 'int dstruct::paged::core::cTreeNode<TKey>::Rebuild_FindTwoDisjMbrs(common::uint,common::uint,common::uint,common::uint,float,dstruct::paged::core::cNodeBuffers<TKey> *)'
          with
          [
              TKey=common::datatype::tuple::cTuple
          ]
  D:\skola\bakalarka\Aplikace\DDL_Procesor\Framework\dstruct/paged/core/cTreeNode_rebuild.h(1346): note: see reference to function template instantiation 'int dstruct::paged::core::cTreeNode<TKey>::Rebuild_FindTwoDisjMbrs(common::uint,common::uint,common::uint,common::uint,float,dstruct::paged::core::cNodeBuffers<TKey> *)' being compiled
          with
          [
              TKey=common::datatype::tuple::cTuple
          ]
D:\skola\bakalarka\Aplikace\DDL_Procesor\Framework\dstruct/paged/core/cTreeNode_rebuild.h(1397): warning C4244: '-=': conversion from 'float' to 'unsigned int', possible loss of data
D:\skola\bakalarka\Aplikace\DDL_Procesor\Framework\dstruct/paged/core/cTreeNode_rebuild.h(1444): warning C4018: '<': signed/unsigned mismatch
D:\skola\bakalarka\Aplikace\DDL_Procesor\Framework\dstruct/paged/core/cTreeNode_rebuild.h(1444): warning C4018: '>=': signed/unsigned mismatch
D:\skola\bakalarka\Aplikace\DDL_Procesor\Framework\dstruct/paged/core/cTreeNode_rebuild.h(1272): warning C4244: 'argument': conversion from 'double' to 'common::ushort', possible loss of data
  D:\skola\bakalarka\Aplikace\DDL_Procesor\Framework\dstruct/paged/core/cTreeNode_rebuild.h(1266): note: while compiling class template member function 'void dstruct::paged::core::cTreeNode<TKey>::Rebuild_ComputeMasks(dstruct::paged::core::cNodeBuffers<TKey> *)'
          with
          [
              TKey=common::datatype::tuple::cTuple
          ]
  D:\skola\bakalarka\Aplikace\DDL_Procesor\Framework\dstruct/paged/core/cTreeNode_rebuild.h(1074): note: see reference to function template instantiation 'void dstruct::paged::core::cTreeNode<TKey>::Rebuild_ComputeMasks(dstruct::paged::core::cNodeBuffers<TKey> *)' being compiled
          with
          [
              TKey=common::datatype::tuple::cTuple
          ]
D:\skola\bakalarka\Aplikace\DDL_Procesor\Framework\dstruct/paged/core/cTreeNode_rebuild.h(1123): warning C4244: 'argument': conversion from 'double' to 'common::ushort', possible loss of data
  D:\skola\bakalarka\Aplikace\DDL_Procesor\Framework\dstruct/paged/core/cTreeNode_rebuild.h(1103): note: while compiling class template member function 'void dstruct::paged::core::cTreeNode<TKey>::Rebuild_Rtree(dstruct::paged::core::cNodeBuffers<TKey> *)'
          with
          [
              TKey=common::datatype::tuple::cTuple
          ]
  D:\skola\bakalarka\Aplikace\DDL_Procesor\Framework\dstruct/paged/core/cTreeNode_rebuild.h(1079): note: see reference to function template instantiation 'void dstruct::paged::core::cTreeNode<TKey>::Rebuild_Rtree(dstruct::paged::core::cNodeBuffers<TKey> *)' being compiled
          with
          [
              TKey=common::datatype::tuple::cTuple
          ]
d:\skola\bakalarka\aplikace\ddl_procesor\ddl_procesor\ctable.h(184): warning C4715: 'cTable::CreateTable': not all control paths return a value
d:\skola\bakalarka\aplikace\ddl_procesor\ddl_procesor\ctable.h(460): warning C4715: 'cTable::CreateClusteredIndex': not all control paths return a value
  DDL_Procesor.vcxproj -> D:\skola\bakalarka\Aplikace\DDL_Procesor\Debug\DDL_Procesor.exe
  DDL_Procesor.vcxproj -> D:\skola\bakalarka\Aplikace\DDL_Procesor\Debug\DDL_Procesor.pdb (Full PDB)
