d:\skola\bakalarka\aplikace\ddl_procesor\framework\x64\debug\framework.pdb
d:\skola\bakalarka\aplikace\ddl_procesor\framework\x64\debug\framework.idb
d:\skola\bakalarka\aplikace\ddl_procesor\framework\x64\debug\cnode.obj
d:\skola\bakalarka\aplikace\ddl_procesor\framework\x64\debug\cnodecache.obj
d:\skola\bakalarka\aplikace\ddl_procesor\framework\x64\debug\cnodeheader.obj
d:\skola\bakalarka\aplikace\ddl_procesor\framework\x64\debug\cquerystatistics.obj
d:\skola\bakalarka\aplikace\ddl_procesor\framework\x64\debug\cquickdb.obj
d:\skola\bakalarka\aplikace\ddl_procesor\framework\x64\debug\ctreeheader.obj
d:\skola\bakalarka\aplikace\ddl_procesor\framework\x64\debug\ctreenodeheader.obj
d:\skola\bakalarka\aplikace\ddl_procesor\framework\x64\debug\ccudatimer.obj
d:\skola\bakalarka\aplikace\ddl_procesor\framework\x64\debug\cgpuconst.obj
d:\skola\bakalarka\aplikace\ddl_procesor\framework\x64\debug\cmemorymanagercuda.obj
d:\skola\bakalarka\aplikace\ddl_procesor\framework\x64\debug\cqueryprocstat.obj
d:\skola\bakalarka\aplikace\ddl_procesor\framework\x64\debug\crangequeryconfig.obj
d:\skola\bakalarka\aplikace\ddl_procesor\framework\x64\debug\crangequerycontext.obj
d:\skola\bakalarka\aplikace\ddl_procesor\framework\x64\debug\ccommonrtree.obj
d:\skola\bakalarka\aplikace\ddl_procesor\framework\x64\debug\crtreeheader.obj
d:\skola\bakalarka\aplikace\ddl_procesor\framework\x64\debug\crtreelog.obj
d:\skola\bakalarka\aplikace\ddl_procesor\framework\x64\debug\csignaturecontroller.obj
d:\skola\bakalarka\aplikace\ddl_procesor\framework\x64\debug\csignaturekey.obj
d:\skola\bakalarka\aplikace\ddl_procesor\framework\x64\debug\csignaturerecord.obj
d:\skola\bakalarka\aplikace\ddl_procesor\framework\x64\debug\csignaturestorage.obj
d:\skola\bakalarka\aplikace\ddl_procesor\framework\x64\debug\cheapmemoryblock.obj
d:\skola\bakalarka\aplikace\ddl_procesor\framework\x64\debug\cmemoryblock.obj
d:\skola\bakalarka\aplikace\ddl_procesor\framework\x64\debug\cmemorymanager.obj
d:\skola\bakalarka\aplikace\ddl_procesor\framework\x64\debug\meteredsection.obj
d:\skola\bakalarka\aplikace\ddl_procesor\framework\x64\debug\carray.obj
d:\skola\bakalarka\aplikace\ddl_procesor\framework\x64\debug\cexponentialrandomgenerator.obj
d:\skola\bakalarka\aplikace\ddl_procesor\framework\x64\debug\cgaussrandomgenerator.obj
d:\skola\bakalarka\aplikace\ddl_procesor\framework\x64\debug\cuniformrandomgenerator.obj
d:\skola\bakalarka\aplikace\ddl_procesor\framework\x64\debug\ccharstream.obj
d:\skola\bakalarka\aplikace\ddl_procesor\framework\x64\debug\cfilestream.obj
d:\skola\bakalarka\aplikace\ddl_procesor\framework\x64\debug\ccounter.obj
d:\skola\bakalarka\aplikace\ddl_procesor\framework\x64\debug\chistogram.obj
d:\skola\bakalarka\aplikace\ddl_procesor\framework\x64\debug\cmemcheckutil.obj
d:\skola\bakalarka\aplikace\ddl_procesor\framework\x64\debug\ctimer.obj
d:\skola\bakalarka\aplikace\ddl_procesor\framework\x64\debug\cbucketheader.obj
d:\skola\bakalarka\aplikace\ddl_procesor\framework\x64\debug\cbucketheaderstorage.obj
d:\skola\bakalarka\aplikace\ddl_procesor\framework\x64\debug\ccachestatistics.obj
d:\skola\bakalarka\aplikace\ddl_procesor\framework\x64\debug\cdstructheader.obj
d:\skola\bakalarka\aplikace\ddl_procesor\framework\x64\debug\citembufferedsequentialstream.obj
d:\skola\bakalarka\aplikace\ddl_procesor\framework\x64\debug\cmemorypool.obj
d:\skola\bakalarka\aplikace\ddl_procesor\framework\x64\debug\ccodercommon.obj
d:\skola\bakalarka\aplikace\ddl_procesor\framework\x64\debug\coder.obj
d:\skola\bakalarka\aplikace\ddl_procesor\framework\x64\debug\cuniversalcodereliasdelta.obj
d:\skola\bakalarka\aplikace\ddl_procesor\framework\x64\debug\cuniversalcodereliasfibonacci.obj
d:\skola\bakalarka\aplikace\ddl_procesor\framework\x64\debug\cuniversalcoderfasteliasdelta.obj
d:\skola\bakalarka\aplikace\ddl_procesor\framework\x64\debug\cuniversalcoderfasteliasfibonacci.obj
d:\skola\bakalarka\aplikace\ddl_procesor\framework\x64\debug\cuniversalcoderfastfibonacci2.obj
d:\skola\bakalarka\aplikace\ddl_procesor\framework\x64\debug\cuniversalcoderfastfibonacci3.obj
d:\skola\bakalarka\aplikace\ddl_procesor\framework\x64\debug\cuniversalcoderfibonacci2.obj
d:\skola\bakalarka\aplikace\ddl_procesor\framework\x64\debug\cuniversalcoderfibonacci3.obj
d:\skola\bakalarka\aplikace\ddl_procesor\framework\x64\debug\cuniversalcoderfixedlength.obj
d:\skola\bakalarka\aplikace\ddl_procesor\framework\x64\debug\csignature.obj
d:\skola\bakalarka\aplikace\ddl_procesor\framework\x64\debug\cbasictype.obj
d:\skola\bakalarka\aplikace\ddl_procesor\framework\x64\debug\cdatatype.obj
d:\skola\bakalarka\aplikace\ddl_procesor\framework\x64\debug\cdtdescriptor.obj
d:\skola\bakalarka\aplikace\ddl_procesor\framework\x64\debug\chntuple.obj
d:\skola\bakalarka\aplikace\ddl_procesor\framework\x64\debug\cmbrsidesizeorder.obj
d:\skola\bakalarka\aplikace\ddl_procesor\framework\x64\debug\cspacedescriptor.obj
d:\skola\bakalarka\aplikace\ddl_procesor\framework\x64\debug\ctuple.obj
d:\skola\bakalarka\aplikace\ddl_procesor\framework\x64\debug\cblocklinkedlist.obj
d:\skola\bakalarka\aplikace\ddl_procesor\framework\x64\debug\cbitarray.obj
d:\skola\bakalarka\aplikace\ddl_procesor\framework\x64\debug\cbitstring.obj
d:\skola\bakalarka\aplikace\ddl_procesor\framework\x64\debug\ccommon.obj
d:\skola\bakalarka\aplikace\ddl_procesor\framework\x64\debug\cfastbitarray.obj
d:\skola\bakalarka\aplikace\ddl_procesor\framework\x64\debug\cmemory.obj
d:\skola\bakalarka\aplikace\ddl_procesor\framework\x64\debug\cnumber.obj
d:\skola\bakalarka\aplikace\ddl_procesor\x64\debug\framework.lib
d:\skola\bakalarka\aplikace\ddl_procesor\x64\debug\framework.pdb
d:\skola\bakalarka\aplikace\ddl_procesor\framework\x64\debug\framework.tlog\cl.command.1.tlog
d:\skola\bakalarka\aplikace\ddl_procesor\framework\x64\debug\framework.tlog\cl.read.1.tlog
d:\skola\bakalarka\aplikace\ddl_procesor\framework\x64\debug\framework.tlog\cl.write.1.tlog
d:\skola\bakalarka\aplikace\ddl_procesor\framework\x64\debug\framework.tlog\lib-link.read.1.tlog
d:\skola\bakalarka\aplikace\ddl_procesor\framework\x64\debug\framework.tlog\lib-link.write.1.tlog
d:\skola\bakalarka\aplikace\ddl_procesor\framework\x64\debug\framework.tlog\lib.command.1.tlog
