  cRTreeHeader.cpp
d:\skola\bakalarka\aplikace\ddl_procesor\framework\common\stream\ccharstream.h(118): warning C4244: '=': conversion from 'const common::llong' to 'common::uint', possible loss of data
d:\skola\bakalarka\aplikace\ddl_procesor\framework\common\cstring.h(171): warning C4996: 'sprintf': This function or variable may be unsafe. Consider using sprintf_s instead. To disable deprecation, use _CRT_SECURE_NO_WARNINGS. See online help for details.
  c:\program files (x86)\windows kits\10\include\10.0.10240.0\ucrt\stdio.h(1769): note: see declaration of 'sprintf'
d:\skola\bakalarka\aplikace\ddl_procesor\framework\common\cbitstring.h(477): warning C4018: '<': signed/unsigned mismatch
d:\skola\bakalarka\aplikace\ddl_procesor\framework\common\datatype\tuple\ctuple.h(377): warning C4244: '=': conversion from 'unsigned int' to 'float', possible loss of data
d:\skola\bakalarka\aplikace\ddl_procesor\framework\common\datatype\tuple\ctuple.h(378): warning C4244: '=': conversion from 'unsigned int' to 'float', possible loss of data
d:\skola\bakalarka\aplikace\ddl_procesor\framework\common\datatype\tuple\ctuple.h(383): warning C4244: '=': conversion from 'unsigned int' to 'float', possible loss of data
d:\skola\bakalarka\aplikace\ddl_procesor\framework\common\datatype\tuple\ctuple.h(389): warning C4244: '=': conversion from 'unsigned int' to 'float', possible loss of data
d:\skola\bakalarka\aplikace\ddl_procesor\framework\common\datatype\tuple\ctuple.h(390): warning C4244: '=': conversion from 'unsigned int' to 'float', possible loss of data
d:\skola\bakalarka\aplikace\ddl_procesor\framework\common\datatype\tuple\ctuple.h(406): warning C4244: '=': conversion from 'int' to 'float', possible loss of data
d:\skola\bakalarka\aplikace\ddl_procesor\framework\common\datatype\tuple\ctuple.h(407): warning C4244: '=': conversion from 'double' to 'float', possible loss of data
d:\skola\bakalarka\aplikace\ddl_procesor\framework\common\datatype\tuple\ctuple.h(527): warning C4244: '=': conversion from 'unsigned int' to 'float', possible loss of data
d:\skola\bakalarka\aplikace\ddl_procesor\framework\common\datatype\tuple\ctuple.h(528): warning C4244: '=': conversion from 'unsigned int' to 'float', possible loss of data
d:\skola\bakalarka\aplikace\ddl_procesor\framework\common\datatype\tuple\ctuple.h(533): warning C4244: '=': conversion from 'unsigned int' to 'float', possible loss of data
d:\skola\bakalarka\aplikace\ddl_procesor\framework\common\datatype\tuple\ctuple.h(538): warning C4244: '=': conversion from 'unsigned int' to 'float', possible loss of data
d:\skola\bakalarka\aplikace\ddl_procesor\framework\common\datatype\tuple\ctuple.h(539): warning C4244: '=': conversion from 'unsigned int' to 'float', possible loss of data
d:\skola\bakalarka\aplikace\ddl_procesor\framework\common\datatype\tuple\ctuple.h(548): warning C4244: '=': conversion from 'int' to 'float', possible loss of data
d:\skola\bakalarka\aplikace\ddl_procesor\framework\common\datatype\tuple\ctuple.h(549): warning C4244: '=': conversion from 'double' to 'float', possible loss of data
d:\skola\bakalarka\aplikace\ddl_procesor\framework\common\datatype\tuple\ctuple.h(670): warning C4018: '<=': signed/unsigned mismatch
d:\skola\bakalarka\aplikace\ddl_procesor\framework\common\datatype\tuple\ctuple.h(1173): warning C4996: 'sprintf': This function or variable may be unsafe. Consider using sprintf_s instead. To disable deprecation, use _CRT_SECURE_NO_WARNINGS. See online help for details.
  c:\program files (x86)\windows kits\10\include\10.0.10240.0\ucrt\stdio.h(1769): note: see declaration of 'sprintf'
d:\skola\bakalarka\aplikace\ddl_procesor\framework\common\datatype\tuple\ctuple.h(1176): warning C4996: 'sprintf': This function or variable may be unsafe. Consider using sprintf_s instead. To disable deprecation, use _CRT_SECURE_NO_WARNINGS. See online help for details.
  c:\program files (x86)\windows kits\10\include\10.0.10240.0\ucrt\stdio.h(1769): note: see declaration of 'sprintf'
d:\skola\bakalarka\aplikace\ddl_procesor\framework\common\datatype\tuple\ctuple.h(1179): warning C4996: 'sprintf': This function or variable may be unsafe. Consider using sprintf_s instead. To disable deprecation, use _CRT_SECURE_NO_WARNINGS. See online help for details.
  c:\program files (x86)\windows kits\10\include\10.0.10240.0\ucrt\stdio.h(1769): note: see declaration of 'sprintf'
d:\skola\bakalarka\aplikace\ddl_procesor\framework\common\datatype\tuple\ctuple.h(1182): warning C4477: 'sprintf' : format string '%f' requires an argument of type 'double', but variadic argument 1 has type 'int'
d:\skola\bakalarka\aplikace\ddl_procesor\framework\common\datatype\tuple\ctuple.h(1182): warning C4996: 'sprintf': This function or variable may be unsafe. Consider using sprintf_s instead. To disable deprecation, use _CRT_SECURE_NO_WARNINGS. See online help for details.
  c:\program files (x86)\windows kits\10\include\10.0.10240.0\ucrt\stdio.h(1769): note: see declaration of 'sprintf'
d:\skola\bakalarka\aplikace\ddl_procesor\framework\common\datatype\tuple\ctuple.h(2322): warning C4552: '<<': operator has no effect; expected operator with side-effect
d:\skola\bakalarka\aplikace\ddl_procesor\framework\common\datatype\tuple\ctuple.h(2332): warning C4552: '<<': operator has no effect; expected operator with side-effect
d:\skola\bakalarka\aplikace\ddl_procesor\framework\common\datatype\tuple\ctuple.h(2348): warning C4018: '<': signed/unsigned mismatch
d:\skola\bakalarka\aplikace\ddl_procesor\framework\common\datatype\tuple\cmbrectangle.h(51): warning C4091: 'typedef ': ignored on left of 'common::datatype::tuple::Processing::Compare' when no variable is declared
d:\skola\bakalarka\aplikace\ddl_procesor\framework\dstruct\paged\core\cnode.h(130): warning C4800: 'unsigned int': forcing value to bool 'true' or 'false' (performance warning)
d:\skola\bakalarka\aplikace\ddl_procesor\framework\dstruct\paged\rtree\crtreeconst.h(27): warning C4091: 'typedef ': ignored on left of 'cQueryType::QueryType' when no variable is declared
d:\skola\bakalarka\aplikace\ddl_procesor\framework\dstruct\paged\rtree\crtreeconst.h(32): warning C4091: 'typedef ': ignored on left of 'Find::FindMBR' when no variable is declared
d:\skola\bakalarka\aplikace\ddl_procesor\framework\dstruct\paged\rtree\crtreeconst.h(38): warning C4091: 'typedef ': ignored on left of 'Compression::Comp' when no variable is declared
d:\skola\bakalarka\aplikace\ddl_procesor\framework\dstruct\paged\rtree\crtreeconst.h(44): warning C4091: 'typedef ': ignored on left of 'Reduction::Reduce' when no variable is declared
d:\skola\bakalarka\aplikace\ddl_procesor\framework\dstruct\paged\rtree\crtreeconst.h(50): warning C4091: 'typedef ': ignored on left of 'Split::Splits' when no variable is declared
d:\skola\bakalarka\aplikace\ddl_procesor\framework\common\ccrcstatic.h(68): warning C4018: '<': signed/unsigned mismatch
d:\skola\bakalarka\aplikace\ddl_procesor\framework\dstruct\paged\core\cdstructheader.h(250): warning C4996: 'strncpy': This function or variable may be unsafe. Consider using strncpy_s instead. To disable deprecation, use _CRT_SECURE_NO_WARNINGS. See online help for details.
  c:\program files (x86)\windows kits\10\include\10.0.10240.0\ucrt\string.h(346): note: see declaration of 'strncpy'
d:\skola\bakalarka\aplikace\ddl_procesor\framework\dstruct\paged\core\cdstructheader.h(490): warning C4996: 'strcpy': This function or variable may be unsafe. Consider using strcpy_s instead. To disable deprecation, use _CRT_SECURE_NO_WARNINGS. See online help for details.
  c:\program files (x86)\windows kits\10\include\10.0.10240.0\ucrt\string.h(119): note: see declaration of 'strcpy'
d:\skola\bakalarka\aplikace\ddl_procesor\framework\dstruct\paged\core\cdsfalsesetupexception.h(29): warning C4996: 'strcpy': This function or variable may be unsafe. Consider using strcpy_s instead. To disable deprecation, use _CRT_SECURE_NO_WARNINGS. See online help for details.
  c:\program files (x86)\windows kits\10\include\10.0.10240.0\ucrt\string.h(119): note: see declaration of 'strcpy'
d:\skola\bakalarka\aplikace\ddl_procesor\framework\dstruct\paged\core\cdscriticalexception.h(30): warning C4996: 'strcpy': This function or variable may be unsafe. Consider using strcpy_s instead. To disable deprecation, use _CRT_SECURE_NO_WARNINGS. See online help for details.
  c:\program files (x86)\windows kits\10\include\10.0.10240.0\ucrt\string.h(119): note: see declaration of 'strcpy'
d:\skola\bakalarka\aplikace\ddl_procesor\framework\dstruct\paged\queryprocessing\crangequeryconfig.h(22): warning C4091: 'typedef ': ignored on left of 'dstruct::paged::QueryType::QueryTypes' when no variable is declared
d:\skola\bakalarka\aplikace\ddl_procesor\framework\dstruct\paged\queryprocessing\cdbfslevel.h(42): warning C4101: 'size': unreferenced local variable
d:\skola\bakalarka\aplikace\ddl_procesor\framework\dstruct\paged\core\cnodecache.h(203): warning C4996: 'strcpy': This function or variable may be unsafe. Consider using strcpy_s instead. To disable deprecation, use _CRT_SECURE_NO_WARNINGS. See online help for details.
  c:\program files (x86)\windows kits\10\include\10.0.10240.0\ucrt\string.h(119): note: see declaration of 'strcpy'
d:\skola\bakalarka\aplikace\ddl_procesor\framework\dstruct\paged\core\cnodecache.h(245): warning C4996: 'strcpy': This function or variable may be unsafe. Consider using strcpy_s instead. To disable deprecation, use _CRT_SECURE_NO_WARNINGS. See online help for details.
  c:\program files (x86)\windows kits\10\include\10.0.10240.0\ucrt\string.h(119): note: see declaration of 'strcpy'
d:\skola\bakalarka\aplikace\ddl_procesor\framework\dstruct\paged\core\cnodecache.h(329): warning C4244: 'initializing': conversion from 'common::ullong' to 'unsigned int', possible loss of data
d:\skola\bakalarka\aplikace\ddl_procesor\framework\dstruct\paged\core\cnodecache.h(400): warning C4018: '>': signed/unsigned mismatch
d:\skola\bakalarka\aplikace\ddl_procesor\framework\dstruct\paged\core\cnodecache.h(369): warning C4996: 'strncpy': This function or variable may be unsafe. Consider using strncpy_s instead. To disable deprecation, use _CRT_SECURE_NO_WARNINGS. See online help for details.
  c:\program files (x86)\windows kits\10\include\10.0.10240.0\ucrt\string.h(346): note: see declaration of 'strncpy'
d:\skola\bakalarka\aplikace\ddl_procesor\framework\dstruct\paged\core\cnodecache.h(566): warning C4244: 'initializing': conversion from 'common::llong' to 'unsigned int', possible loss of data
d:\skola\bakalarka\aplikace\ddl_procesor\framework\dstruct\paged\core\cnodecache.h(547): warning C4996: 'strcpy': This function or variable may be unsafe. Consider using strcpy_s instead. To disable deprecation, use _CRT_SECURE_NO_WARNINGS. See online help for details.
  c:\program files (x86)\windows kits\10\include\10.0.10240.0\ucrt\string.h(119): note: see declaration of 'strcpy'
d:\skola\bakalarka\aplikace\ddl_procesor\framework\dstruct\paged\core\cnodecache.h(548): warning C4996: 'strcat': This function or variable may be unsafe. Consider using strcat_s instead. To disable deprecation, use _CRT_SECURE_NO_WARNINGS. See online help for details.
  c:\program files (x86)\windows kits\10\include\10.0.10240.0\ucrt\string.h(90): note: see declaration of 'strcat'
d:\skola\bakalarka\aplikace\ddl_procesor\framework\dstruct\paged\core\cnodecache.h(606): warning C4244: '=': conversion from 'common::llong' to 'unsigned int', possible loss of data
d:\skola\bakalarka\aplikace\ddl_procesor\framework\dstruct\paged\core\cnodecache.h(593): warning C4996: 'strcpy': This function or variable may be unsafe. Consider using strcpy_s instead. To disable deprecation, use _CRT_SECURE_NO_WARNINGS. See online help for details.
  c:\program files (x86)\windows kits\10\include\10.0.10240.0\ucrt\string.h(119): note: see declaration of 'strcpy'
d:\skola\bakalarka\aplikace\ddl_procesor\framework\dstruct\paged\core\cnodecache.h(594): warning C4996: 'strcat': This function or variable may be unsafe. Consider using strcat_s instead. To disable deprecation, use _CRT_SECURE_NO_WARNINGS. See online help for details.
  c:\program files (x86)\windows kits\10\include\10.0.10240.0\ucrt\string.h(90): note: see declaration of 'strcat'
d:\skola\bakalarka\aplikace\ddl_procesor\framework\dstruct\paged\core\cnodecache.h(626): warning C4996: 'strcpy': This function or variable may be unsafe. Consider using strcpy_s instead. To disable deprecation, use _CRT_SECURE_NO_WARNINGS. See online help for details.
  c:\program files (x86)\windows kits\10\include\10.0.10240.0\ucrt\string.h(119): note: see declaration of 'strcpy'
d:\skola\bakalarka\aplikace\ddl_procesor\framework\dstruct\paged\core\cnodecache.h(627): warning C4996: 'strcat': This function or variable may be unsafe. Consider using strcat_s instead. To disable deprecation, use _CRT_SECURE_NO_WARNINGS. See online help for details.
  c:\program files (x86)\windows kits\10\include\10.0.10240.0\ucrt\string.h(90): note: see declaration of 'strcat'
d:\skola\bakalarka\aplikace\ddl_procesor\framework\dstruct\paged\core\cnodecache.h(723): warning C4244: 'argument': conversion from 'common::llong' to 'unsigned int', possible loss of data
d:\skola\bakalarka\aplikace\ddl_procesor\framework\dstruct\paged\core\cnodecache.h(725): warning C4244: 'argument': conversion from 'common::llong' to 'unsigned int', possible loss of data
d:\skola\bakalarka\aplikace\ddl_procesor\framework\dstruct\paged\core\cnodecache.h(787): warning C4244: 'argument': conversion from 'common::llong' to 'unsigned int', possible loss of data
d:\skola\bakalarka\aplikace\ddl_procesor\framework\dstruct\paged\core\cnodecache.h(789): warning C4244: 'argument': conversion from 'common::llong' to 'unsigned int', possible loss of data
d:\skola\bakalarka\aplikace\ddl_procesor\framework\common\memorystructures\carray.h(137): warning C4018: '<': signed/unsigned mismatch
  d:\skola\bakalarka\aplikace\ddl_procesor\framework\common\memorystructures\carray.h(136): note: while compiling class template member function 'const char cArray<char>::operator [](const int) const'
  d:\skola\bakalarka\aplikace\ddl_procesor\framework\common\cstring.h(119): note: see reference to function template instantiation 'const char cArray<char>::operator [](const int) const' being compiled
  d:\skola\bakalarka\aplikace\ddl_procesor\framework\common\cstring.h(109): note: see reference to class template instantiation 'cArray<char>' being compiled
d:\skola\bakalarka\aplikace\ddl_procesor\framework\common\memorystructures\carray.h(121): warning C4018: '<': signed/unsigned mismatch
  d:\skola\bakalarka\aplikace\ddl_procesor\framework\common\memorystructures\carray.h(120): note: while compiling class template member function 'char &cArray<char>::operator [](const int)'
  d:\skola\bakalarka\aplikace\ddl_procesor\framework\common\cstring.h(114): note: see reference to function template instantiation 'char &cArray<char>::operator [](const int)' being compiled
d:\skola\bakalarka\aplikace\ddl_procesor\framework\common\datatype\cbasictype.h(554): warning C4996: 'sprintf': This function or variable may be unsafe. Consider using sprintf_s instead. To disable deprecation, use _CRT_SECURE_NO_WARNINGS. See online help for details.
  c:\program files (x86)\windows kits\10\include\10.0.10240.0\ucrt\stdio.h(1769): note: see declaration of 'sprintf'
  d:\skola\bakalarka\aplikace\ddl_procesor\framework\common\datatype\cbasictype.h(553): note: while compiling class template member function 'char *cBasicType<unsigned int>::ToString(const unsigned int &,char *,unsigned int &)'
  d:\skola\bakalarka\aplikace\ddl_procesor\framework\common\datatype\cbasictype.h(728): note: see reference to function template instantiation 'char *cBasicType<unsigned int>::ToString(const unsigned int &,char *,unsigned int &)' being compiled
  d:\skola\bakalarka\aplikace\ddl_procesor\framework\common\datatype\cbasictype.h(691): note: see reference to class template instantiation 'cBasicType<unsigned int>' being compiled
d:\skola\bakalarka\aplikace\ddl_procesor\framework\dstruct\paged\b+tree\ccommonb+tree.h(1614): warning C4101: 'c1': unreferenced local variable
  d:\skola\bakalarka\aplikace\ddl_procesor\framework\dstruct\paged\b+tree\ccommonb+tree.h(1604): note: while compiling class template member function 'dstruct::paged::core::cTreeItemStream<TKey> *dstruct::paged::bptree::cCommonBpTree<dstruct::paged::bptree::cBpTreeNode<TKey>,dstruct::paged::bptree::cBpTreeNode<TKey>,TKey>::RangeQuery(const TKey &,const TKey &,dstruct::paged::cQueryProcStat *,int,unsigned int,dstruct::paged::core::cTreeItemStream<TKey> *,char *,bool *)'
          with
          [
              TKey=common::datatype::tuple::cTuple
          ]
  d:\skola\bakalarka\aplikace\ddl_procesor\framework\dstruct\paged\b+tree\ccommonb+tree.h(1082): note: see reference to function template instantiation 'dstruct::paged::core::cTreeItemStream<TKey> *dstruct::paged::bptree::cCommonBpTree<dstruct::paged::bptree::cBpTreeNode<TKey>,dstruct::paged::bptree::cBpTreeNode<TKey>,TKey>::RangeQuery(const TKey &,const TKey &,dstruct::paged::cQueryProcStat *,int,unsigned int,dstruct::paged::core::cTreeItemStream<TKey> *,char *,bool *)' being compiled
          with
          [
              TKey=common::datatype::tuple::cTuple
          ]
  d:\skola\bakalarka\aplikace\ddl_procesor\framework\dstruct\paged\b+tree\ccommonb+tree.h(956): note: while compiling class template member function 'dstruct::paged::bptree::cBpTreeNode<TKey> *dstruct::paged::bptree::cCommonBpTree<dstruct::paged::bptree::cBpTreeNode<TKey>,dstruct::paged::bptree::cBpTreeNode<TKey>,TKey>::SearchForRightOrderInInnerNode(const dstruct::paged::tNodeIndex,const dstruct::paged::tNodeIndex,unsigned int &,int &,dstruct::paged::tNodeIndex *,int *)'
          with
          [
              TKey=common::datatype::tuple::cTuple
          ]
  d:\skola\bakalarka\aplikace\ddl_procesor\framework\dstruct\paged\b+tree\cb+tree.h(31): note: see reference to class template instantiation 'dstruct::paged::bptree::cCommonBpTree<dstruct::paged::bptree::cBpTreeNode<TKey>,dstruct::paged::bptree::cBpTreeNode<TKey>,TKey>' being compiled
          with
          [
              TKey=common::datatype::tuple::cTuple
          ]
  d:\skola\bakalarka\aplikace\ddl_procesor\framework\dstruct\paged\rtree\csignaturestorage.h(143): note: see reference to class template instantiation 'dstruct::paged::bptree::cBpTree<common::datatype::tuple::cTuple>' being compiled
d:\skola\bakalarka\aplikace\ddl_procesor\framework\common\memorystructures\chashtable.h(232): warning C4800: 'unsigned int': forcing value to bool 'true' or 'false' (performance warning)
  d:\skola\bakalarka\aplikace\ddl_procesor\framework\common\memorystructures\chashtable.h(216): note: while compiling class template member function 'bool common::memorystructures::cHashTable<TKey,cCharString>::Find(const TKey &,char *&) const'
          with
          [
              TKey=common::datatype::tuple::cTuple
          ]
  d:\skola\bakalarka\aplikace\ddl_procesor\framework\dstruct\paged\b+tree\ccommonb+tree.h(1077): note: see reference to function template instantiation 'bool common::memorystructures::cHashTable<TKey,cCharString>::Find(const TKey &,char *&) const' being compiled
          with
          [
              TKey=common::datatype::tuple::cTuple
          ]
  d:\skola\bakalarka\aplikace\ddl_procesor\framework\dstruct\paged\b+tree\ccommonb+tree.h(1077): note: see reference to class template instantiation 'common::memorystructures::cHashTable<TKey,cCharString>' being compiled
          with
          [
              TKey=common::datatype::tuple::cTuple
          ]
  d:\skola\bakalarka\aplikace\ddl_procesor\framework\dstruct\paged\b+tree\ccommonb+tree.h(1066): note: while compiling class template member function 'bool dstruct::paged::bptree::cCommonBpTree<dstruct::paged::bptree::cBpTreeNode<TKey>,dstruct::paged::bptree::cBpTreeNode<TKey>,TKey>::PointQuery(const TKey &,char *,dstruct::paged::cQueryProcStat *,int)'
          with
          [
              TKey=common::datatype::tuple::cTuple
          ]
  d:\skola\bakalarka\aplikace\ddl_procesor\framework\dstruct\paged\rtree\csignaturestorage.h(169): note: see reference to function template instantiation 'bool dstruct::paged::bptree::cCommonBpTree<dstruct::paged::bptree::cBpTreeNode<TKey>,dstruct::paged::bptree::cBpTreeNode<TKey>,TKey>::PointQuery(const TKey &,char *,dstruct::paged::cQueryProcStat *,int)' being compiled
          with
          [
              TKey=common::datatype::tuple::cTuple
          ]
d:\skola\bakalarka\aplikace\ddl_procesor\framework\dstruct\paged\core\ctreeitemstream.h(149): warning C4244: 'initializing': conversion from 'common::llong' to 'unsigned int', possible loss of data
  d:\skola\bakalarka\aplikace\ddl_procesor\framework\dstruct\paged\core\ctreeitemstream.h(148): note: while compiling class template member function 'bool dstruct::paged::core::cTreeItemStream<TKey>::Add(const char *)'
          with
          [
              TKey=common::datatype::tuple::cTuple
          ]
  d:\skola\bakalarka\aplikace\ddl_procesor\framework\dstruct\paged\b+tree\ccommonb+tree.h(1699): note: see reference to function template instantiation 'bool dstruct::paged::core::cTreeItemStream<TKey>::Add(const char *)' being compiled
          with
          [
              TKey=common::datatype::tuple::cTuple
          ]
  d:\skola\bakalarka\aplikace\ddl_procesor\framework\dstruct\paged\b+tree\ccommonb+tree.h(1627): note: see reference to class template instantiation 'dstruct::paged::core::cTreeItemStream<TKey>' being compiled
          with
          [
              TKey=common::datatype::tuple::cTuple
          ]
  d:\skola\bakalarka\aplikace\ddl_procesor\framework\dstruct\paged\b+tree\ccommonb+tree.h(1604): note: while compiling class template member function 'dstruct::paged::core::cTreeItemStream<TKey> *dstruct::paged::bptree::cCommonBpTree<dstruct::paged::bptree::cBpTreeNode<TKey>,dstruct::paged::bptree::cBpTreeNode<TKey>,TKey>::RangeQuery(const TKey &,const TKey &,dstruct::paged::cQueryProcStat *,int,unsigned int,dstruct::paged::core::cTreeItemStream<TKey> *,char *,bool *)'
          with
          [
              TKey=common::datatype::tuple::cTuple
          ]
  d:\skola\bakalarka\aplikace\ddl_procesor\framework\dstruct\paged\b+tree\ccommonb+tree.h(1082): note: see reference to function template instantiation 'dstruct::paged::core::cTreeItemStream<TKey> *dstruct::paged::bptree::cCommonBpTree<dstruct::paged::bptree::cBpTreeNode<TKey>,dstruct::paged::bptree::cBpTreeNode<TKey>,TKey>::RangeQuery(const TKey &,const TKey &,dstruct::paged::cQueryProcStat *,int,unsigned int,dstruct::paged::core::cTreeItemStream<TKey> *,char *,bool *)' being compiled
          with
          [
              TKey=common::datatype::tuple::cTuple
          ]
  Generating Code...
  Compiling...
  cCommonRTree.cpp
d:\skola\bakalarka\aplikace\ddl_procesor\framework\common\ccrcstatic.h(68): warning C4018: '<': signed/unsigned mismatch
d:\skola\bakalarka\aplikace\ddl_procesor\framework\common\cstring.h(171): warning C4996: 'sprintf': This function or variable may be unsafe. Consider using sprintf_s instead. To disable deprecation, use _CRT_SECURE_NO_WARNINGS. See online help for details.
  c:\program files (x86)\windows kits\10\include\10.0.10240.0\ucrt\stdio.h(1769): note: see declaration of 'sprintf'
d:\skola\bakalarka\aplikace\ddl_procesor\framework\common\stream\ccharstream.h(118): warning C4244: '=': conversion from 'const common::llong' to 'common::uint', possible loss of data
d:\skola\bakalarka\aplikace\ddl_procesor\framework\common\cbitstring.h(477): warning C4018: '<': signed/unsigned mismatch
d:\skola\bakalarka\aplikace\ddl_procesor\framework\dstruct\paged\core\cnode.h(130): warning C4800: 'unsigned int': forcing value to bool 'true' or 'false' (performance warning)
d:\skola\bakalarka\aplikace\ddl_procesor\framework\dstruct\paged\core\cdstructheader.h(250): warning C4996: 'strncpy': This function or variable may be unsafe. Consider using strncpy_s instead. To disable deprecation, use _CRT_SECURE_NO_WARNINGS. See online help for details.
  c:\program files (x86)\windows kits\10\include\10.0.10240.0\ucrt\string.h(346): note: see declaration of 'strncpy'
d:\skola\bakalarka\aplikace\ddl_procesor\framework\dstruct\paged\core\cdstructheader.h(490): warning C4996: 'strcpy': This function or variable may be unsafe. Consider using strcpy_s instead. To disable deprecation, use _CRT_SECURE_NO_WARNINGS. See online help for details.
  c:\program files (x86)\windows kits\10\include\10.0.10240.0\ucrt\string.h(119): note: see declaration of 'strcpy'
d:\skola\bakalarka\aplikace\ddl_procesor\framework\common\datatype\tuple\ctuple.h(377): warning C4244: '=': conversion from 'unsigned int' to 'float', possible loss of data
d:\skola\bakalarka\aplikace\ddl_procesor\framework\common\datatype\tuple\ctuple.h(378): warning C4244: '=': conversion from 'unsigned int' to 'float', possible loss of data
d:\skola\bakalarka\aplikace\ddl_procesor\framework\common\datatype\tuple\ctuple.h(383): warning C4244: '=': conversion from 'unsigned int' to 'float', possible loss of data
d:\skola\bakalarka\aplikace\ddl_procesor\framework\common\datatype\tuple\ctuple.h(389): warning C4244: '=': conversion from 'unsigned int' to 'float', possible loss of data
d:\skola\bakalarka\aplikace\ddl_procesor\framework\common\datatype\tuple\ctuple.h(390): warning C4244: '=': conversion from 'unsigned int' to 'float', possible loss of data
d:\skola\bakalarka\aplikace\ddl_procesor\framework\common\datatype\tuple\ctuple.h(406): warning C4244: '=': conversion from 'int' to 'float', possible loss of data
d:\skola\bakalarka\aplikace\ddl_procesor\framework\common\datatype\tuple\ctuple.h(407): warning C4244: '=': conversion from 'double' to 'float', possible loss of data
d:\skola\bakalarka\aplikace\ddl_procesor\framework\common\datatype\tuple\ctuple.h(527): warning C4244: '=': conversion from 'unsigned int' to 'float', possible loss of data
d:\skola\bakalarka\aplikace\ddl_procesor\framework\common\datatype\tuple\ctuple.h(528): warning C4244: '=': conversion from 'unsigned int' to 'float', possible loss of data
d:\skola\bakalarka\aplikace\ddl_procesor\framework\common\datatype\tuple\ctuple.h(533): warning C4244: '=': conversion from 'unsigned int' to 'float', possible loss of data
d:\skola\bakalarka\aplikace\ddl_procesor\framework\common\datatype\tuple\ctuple.h(538): warning C4244: '=': conversion from 'unsigned int' to 'float', possible loss of data
d:\skola\bakalarka\aplikace\ddl_procesor\framework\common\datatype\tuple\ctuple.h(539): warning C4244: '=': conversion from 'unsigned int' to 'float', possible loss of data
d:\skola\bakalarka\aplikace\ddl_procesor\framework\common\datatype\tuple\ctuple.h(548): warning C4244: '=': conversion from 'int' to 'float', possible loss of data
d:\skola\bakalarka\aplikace\ddl_procesor\framework\common\datatype\tuple\ctuple.h(549): warning C4244: '=': conversion from 'double' to 'float', possible loss of data
d:\skola\bakalarka\aplikace\ddl_procesor\framework\common\datatype\tuple\ctuple.h(670): warning C4018: '<=': signed/unsigned mismatch
d:\skola\bakalarka\aplikace\ddl_procesor\framework\common\datatype\tuple\ctuple.h(1173): warning C4996: 'sprintf': This function or variable may be unsafe. Consider using sprintf_s instead. To disable deprecation, use _CRT_SECURE_NO_WARNINGS. See online help for details.
  c:\program files (x86)\windows kits\10\include\10.0.10240.0\ucrt\stdio.h(1769): note: see declaration of 'sprintf'
d:\skola\bakalarka\aplikace\ddl_procesor\framework\common\datatype\tuple\ctuple.h(1176): warning C4996: 'sprintf': This function or variable may be unsafe. Consider using sprintf_s instead. To disable deprecation, use _CRT_SECURE_NO_WARNINGS. See online help for details.
  c:\program files (x86)\windows kits\10\include\10.0.10240.0\ucrt\stdio.h(1769): note: see declaration of 'sprintf'
d:\skola\bakalarka\aplikace\ddl_procesor\framework\common\datatype\tuple\ctuple.h(1179): warning C4996: 'sprintf': This function or variable may be unsafe. Consider using sprintf_s instead. To disable deprecation, use _CRT_SECURE_NO_WARNINGS. See online help for details.
  c:\program files (x86)\windows kits\10\include\10.0.10240.0\ucrt\stdio.h(1769): note: see declaration of 'sprintf'
d:\skola\bakalarka\aplikace\ddl_procesor\framework\common\datatype\tuple\ctuple.h(1182): warning C4477: 'sprintf' : format string '%f' requires an argument of type 'double', but variadic argument 1 has type 'int'
d:\skola\bakalarka\aplikace\ddl_procesor\framework\common\datatype\tuple\ctuple.h(1182): warning C4996: 'sprintf': This function or variable may be unsafe. Consider using sprintf_s instead. To disable deprecation, use _CRT_SECURE_NO_WARNINGS. See online help for details.
  c:\program files (x86)\windows kits\10\include\10.0.10240.0\ucrt\stdio.h(1769): note: see declaration of 'sprintf'
d:\skola\bakalarka\aplikace\ddl_procesor\framework\common\datatype\tuple\ctuple.h(2322): warning C4552: '<<': operator has no effect; expected operator with side-effect
d:\skola\bakalarka\aplikace\ddl_procesor\framework\common\datatype\tuple\ctuple.h(2332): warning C4552: '<<': operator has no effect; expected operator with side-effect
d:\skola\bakalarka\aplikace\ddl_procesor\framework\common\datatype\tuple\ctuple.h(2348): warning C4018: '<': signed/unsigned mismatch
d:\skola\bakalarka\aplikace\ddl_procesor\framework\dstruct\paged\core\cdsfalsesetupexception.h(29): warning C4996: 'strcpy': This function or variable may be unsafe. Consider using strcpy_s instead. To disable deprecation, use _CRT_SECURE_NO_WARNINGS. See online help for details.
  c:\program files (x86)\windows kits\10\include\10.0.10240.0\ucrt\string.h(119): note: see declaration of 'strcpy'
d:\skola\bakalarka\aplikace\ddl_procesor\framework\dstruct\paged\core\cdscriticalexception.h(30): warning C4996: 'strcpy': This function or variable may be unsafe. Consider using strcpy_s instead. To disable deprecation, use _CRT_SECURE_NO_WARNINGS. See online help for details.
  c:\program files (x86)\windows kits\10\include\10.0.10240.0\ucrt\string.h(119): note: see declaration of 'strcpy'
d:\skola\bakalarka\aplikace\ddl_procesor\framework\dstruct\paged\queryprocessing\crangequeryconfig.h(22): warning C4091: 'typedef ': ignored on left of 'dstruct::paged::QueryType::QueryTypes' when no variable is declared
d:\skola\bakalarka\aplikace\ddl_procesor\framework\dstruct\paged\queryprocessing\cdbfslevel.h(42): warning C4101: 'size': unreferenced local variable
d:\skola\bakalarka\aplikace\ddl_procesor\framework\dstruct\paged\core\cnodecache.h(203): warning C4996: 'strcpy': This function or variable may be unsafe. Consider using strcpy_s instead. To disable deprecation, use _CRT_SECURE_NO_WARNINGS. See online help for details.
  c:\program files (x86)\windows kits\10\include\10.0.10240.0\ucrt\string.h(119): note: see declaration of 'strcpy'
d:\skola\bakalarka\aplikace\ddl_procesor\framework\dstruct\paged\core\cnodecache.h(245): warning C4996: 'strcpy': This function or variable may be unsafe. Consider using strcpy_s instead. To disable deprecation, use _CRT_SECURE_NO_WARNINGS. See online help for details.
  c:\program files (x86)\windows kits\10\include\10.0.10240.0\ucrt\string.h(119): note: see declaration of 'strcpy'
d:\skola\bakalarka\aplikace\ddl_procesor\framework\dstruct\paged\core\cnodecache.h(329): warning C4244: 'initializing': conversion from 'common::ullong' to 'unsigned int', possible loss of data
d:\skola\bakalarka\aplikace\ddl_procesor\framework\dstruct\paged\core\cnodecache.h(400): warning C4018: '>': signed/unsigned mismatch
d:\skola\bakalarka\aplikace\ddl_procesor\framework\dstruct\paged\core\cnodecache.h(369): warning C4996: 'strncpy': This function or variable may be unsafe. Consider using strncpy_s instead. To disable deprecation, use _CRT_SECURE_NO_WARNINGS. See online help for details.
  c:\program files (x86)\windows kits\10\include\10.0.10240.0\ucrt\string.h(346): note: see declaration of 'strncpy'
d:\skola\bakalarka\aplikace\ddl_procesor\framework\dstruct\paged\core\cnodecache.h(566): warning C4244: 'initializing': conversion from 'common::llong' to 'unsigned int', possible loss of data
d:\skola\bakalarka\aplikace\ddl_procesor\framework\dstruct\paged\core\cnodecache.h(547): warning C4996: 'strcpy': This function or variable may be unsafe. Consider using strcpy_s instead. To disable deprecation, use _CRT_SECURE_NO_WARNINGS. See online help for details.
  c:\program files (x86)\windows kits\10\include\10.0.10240.0\ucrt\string.h(119): note: see declaration of 'strcpy'
d:\skola\bakalarka\aplikace\ddl_procesor\framework\dstruct\paged\core\cnodecache.h(548): warning C4996: 'strcat': This function or variable may be unsafe. Consider using strcat_s instead. To disable deprecation, use _CRT_SECURE_NO_WARNINGS. See online help for details.
  c:\program files (x86)\windows kits\10\include\10.0.10240.0\ucrt\string.h(90): note: see declaration of 'strcat'
d:\skola\bakalarka\aplikace\ddl_procesor\framework\dstruct\paged\core\cnodecache.h(606): warning C4244: '=': conversion from 'common::llong' to 'unsigned int', possible loss of data
d:\skola\bakalarka\aplikace\ddl_procesor\framework\dstruct\paged\core\cnodecache.h(593): warning C4996: 'strcpy': This function or variable may be unsafe. Consider using strcpy_s instead. To disable deprecation, use _CRT_SECURE_NO_WARNINGS. See online help for details.
  c:\program files (x86)\windows kits\10\include\10.0.10240.0\ucrt\string.h(119): note: see declaration of 'strcpy'
d:\skola\bakalarka\aplikace\ddl_procesor\framework\dstruct\paged\core\cnodecache.h(594): warning C4996: 'strcat': This function or variable may be unsafe. Consider using strcat_s instead. To disable deprecation, use _CRT_SECURE_NO_WARNINGS. See online help for details.
  c:\program files (x86)\windows kits\10\include\10.0.10240.0\ucrt\string.h(90): note: see declaration of 'strcat'
d:\skola\bakalarka\aplikace\ddl_procesor\framework\dstruct\paged\core\cnodecache.h(626): warning C4996: 'strcpy': This function or variable may be unsafe. Consider using strcpy_s instead. To disable deprecation, use _CRT_SECURE_NO_WARNINGS. See online help for details.
  c:\program files (x86)\windows kits\10\include\10.0.10240.0\ucrt\string.h(119): note: see declaration of 'strcpy'
d:\skola\bakalarka\aplikace\ddl_procesor\framework\dstruct\paged\core\cnodecache.h(627): warning C4996: 'strcat': This function or variable may be unsafe. Consider using strcat_s instead. To disable deprecation, use _CRT_SECURE_NO_WARNINGS. See online help for details.
  c:\program files (x86)\windows kits\10\include\10.0.10240.0\ucrt\string.h(90): note: see declaration of 'strcat'
d:\skola\bakalarka\aplikace\ddl_procesor\framework\dstruct\paged\core\cnodecache.h(723): warning C4244: 'argument': conversion from 'common::llong' to 'unsigned int', possible loss of data
d:\skola\bakalarka\aplikace\ddl_procesor\framework\dstruct\paged\core\cnodecache.h(725): warning C4244: 'argument': conversion from 'common::llong' to 'unsigned int', possible loss of data
d:\skola\bakalarka\aplikace\ddl_procesor\framework\dstruct\paged\core\cnodecache.h(787): warning C4244: 'argument': conversion from 'common::llong' to 'unsigned int', possible loss of data
d:\skola\bakalarka\aplikace\ddl_procesor\framework\dstruct\paged\core\cnodecache.h(789): warning C4244: 'argument': conversion from 'common::llong' to 'unsigned int', possible loss of data
d:\skola\bakalarka\aplikace\ddl_procesor\framework\dstruct\paged\rtree\crtreeconst.h(27): warning C4091: 'typedef ': ignored on left of 'cQueryType::QueryType' when no variable is declared
d:\skola\bakalarka\aplikace\ddl_procesor\framework\dstruct\paged\rtree\crtreeconst.h(32): warning C4091: 'typedef ': ignored on left of 'Find::FindMBR' when no variable is declared
d:\skola\bakalarka\aplikace\ddl_procesor\framework\dstruct\paged\rtree\crtreeconst.h(38): warning C4091: 'typedef ': ignored on left of 'Compression::Comp' when no variable is declared
d:\skola\bakalarka\aplikace\ddl_procesor\framework\dstruct\paged\rtree\crtreeconst.h(44): warning C4091: 'typedef ': ignored on left of 'Reduction::Reduce' when no variable is declared
d:\skola\bakalarka\aplikace\ddl_procesor\framework\dstruct\paged\rtree\crtreeconst.h(50): warning C4091: 'typedef ': ignored on left of 'Split::Splits' when no variable is declared
d:\skola\bakalarka\aplikace\ddl_procesor\framework\common\datatype\tuple\cmbrectangle.h(51): warning C4091: 'typedef ': ignored on left of 'common::datatype::tuple::Processing::Compare' when no variable is declared
d:\skola\bakalarka\aplikace\ddl_procesor\framework\common\memorystructures\carray.h(137): warning C4018: '<': signed/unsigned mismatch
  d:\skola\bakalarka\aplikace\ddl_procesor\framework\common\memorystructures\carray.h(136): note: while compiling class template member function 'const char cArray<char>::operator [](const int) const'
  d:\skola\bakalarka\aplikace\ddl_procesor\framework\common\cstring.h(119): note: see reference to function template instantiation 'const char cArray<char>::operator [](const int) const' being compiled
  d:\skola\bakalarka\aplikace\ddl_procesor\framework\common\cstring.h(109): note: see reference to class template instantiation 'cArray<char>' being compiled
d:\skola\bakalarka\aplikace\ddl_procesor\framework\common\memorystructures\carray.h(121): warning C4018: '<': signed/unsigned mismatch
  d:\skola\bakalarka\aplikace\ddl_procesor\framework\common\memorystructures\carray.h(120): note: while compiling class template member function 'char &cArray<char>::operator [](const int)'
  d:\skola\bakalarka\aplikace\ddl_procesor\framework\common\cstring.h(114): note: see reference to function template instantiation 'char &cArray<char>::operator [](const int)' being compiled
d:\skola\bakalarka\aplikace\ddl_procesor\framework\common\datatype\cbasictype.h(554): warning C4996: 'sprintf': This function or variable may be unsafe. Consider using sprintf_s instead. To disable deprecation, use _CRT_SECURE_NO_WARNINGS. See online help for details.
  c:\program files (x86)\windows kits\10\include\10.0.10240.0\ucrt\stdio.h(1769): note: see declaration of 'sprintf'
  d:\skola\bakalarka\aplikace\ddl_procesor\framework\common\datatype\cbasictype.h(553): note: while compiling class template member function 'char *cBasicType<unsigned int>::ToString(const unsigned int &,char *,unsigned int &)'
  d:\skola\bakalarka\aplikace\ddl_procesor\framework\common\datatype\cbasictype.h(728): note: see reference to function template instantiation 'char *cBasicType<unsigned int>::ToString(const unsigned int &,char *,unsigned int &)' being compiled
  d:\skola\bakalarka\aplikace\ddl_procesor\framework\common\datatype\cbasictype.h(691): note: see reference to class template instantiation 'cBasicType<unsigned int>' being compiled
d:\skola\bakalarka\aplikace\ddl_procesor\framework\dstruct\paged\b+tree\ccommonb+tree.h(1614): warning C4101: 'c1': unreferenced local variable
  d:\skola\bakalarka\aplikace\ddl_procesor\framework\dstruct\paged\b+tree\ccommonb+tree.h(1604): note: while compiling class template member function 'dstruct::paged::core::cTreeItemStream<TKey> *dstruct::paged::bptree::cCommonBpTree<dstruct::paged::bptree::cBpTreeNode<TKey>,dstruct::paged::bptree::cBpTreeNode<TKey>,TKey>::RangeQuery(const TKey &,const TKey &,dstruct::paged::cQueryProcStat *,int,unsigned int,dstruct::paged::core::cTreeItemStream<TKey> *,char *,bool *)'
          with
          [
              TKey=common::datatype::tuple::cTuple
          ]
  d:\skola\bakalarka\aplikace\ddl_procesor\framework\dstruct\paged\b+tree\ccommonb+tree.h(1082): note: see reference to function template instantiation 'dstruct::paged::core::cTreeItemStream<TKey> *dstruct::paged::bptree::cCommonBpTree<dstruct::paged::bptree::cBpTreeNode<TKey>,dstruct::paged::bptree::cBpTreeNode<TKey>,TKey>::RangeQuery(const TKey &,const TKey &,dstruct::paged::cQueryProcStat *,int,unsigned int,dstruct::paged::core::cTreeItemStream<TKey> *,char *,bool *)' being compiled
          with
          [
              TKey=common::datatype::tuple::cTuple
          ]
  d:\skola\bakalarka\aplikace\ddl_procesor\framework\dstruct\paged\b+tree\ccommonb+tree.h(956): note: while compiling class template member function 'dstruct::paged::bptree::cBpTreeNode<TKey> *dstruct::paged::bptree::cCommonBpTree<dstruct::paged::bptree::cBpTreeNode<TKey>,dstruct::paged::bptree::cBpTreeNode<TKey>,TKey>::SearchForRightOrderInInnerNode(const dstruct::paged::tNodeIndex,const dstruct::paged::tNodeIndex,unsigned int &,int &,dstruct::paged::tNodeIndex *,int *)'
          with
          [
              TKey=common::datatype::tuple::cTuple
          ]
  d:\skola\bakalarka\aplikace\ddl_procesor\framework\dstruct\paged\b+tree\cb+tree.h(31): note: see reference to class template instantiation 'dstruct::paged::bptree::cCommonBpTree<dstruct::paged::bptree::cBpTreeNode<TKey>,dstruct::paged::bptree::cBpTreeNode<TKey>,TKey>' being compiled
          with
          [
              TKey=common::datatype::tuple::cTuple
          ]
  d:\skola\bakalarka\aplikace\ddl_procesor\framework\dstruct\paged\rtree\csignaturestorage.h(143): note: see reference to class template instantiation 'dstruct::paged::bptree::cBpTree<common::datatype::tuple::cTuple>' being compiled
d:\skola\bakalarka\aplikace\ddl_procesor\framework\common\memorystructures\chashtable.h(232): warning C4800: 'unsigned int': forcing value to bool 'true' or 'false' (performance warning)
  d:\skola\bakalarka\aplikace\ddl_procesor\framework\common\memorystructures\chashtable.h(216): note: while compiling class template member function 'bool common::memorystructures::cHashTable<TKey,cCharString>::Find(const TKey &,char *&) const'
          with
          [
              TKey=common::datatype::tuple::cTuple
          ]
  d:\skola\bakalarka\aplikace\ddl_procesor\framework\dstruct\paged\b+tree\ccommonb+tree.h(1077): note: see reference to function template instantiation 'bool common::memorystructures::cHashTable<TKey,cCharString>::Find(const TKey &,char *&) const' being compiled
          with
          [
              TKey=common::datatype::tuple::cTuple
          ]
  d:\skola\bakalarka\aplikace\ddl_procesor\framework\dstruct\paged\b+tree\ccommonb+tree.h(1077): note: see reference to class template instantiation 'common::memorystructures::cHashTable<TKey,cCharString>' being compiled
          with
          [
              TKey=common::datatype::tuple::cTuple
          ]
  d:\skola\bakalarka\aplikace\ddl_procesor\framework\dstruct\paged\b+tree\ccommonb+tree.h(1066): note: while compiling class template member function 'bool dstruct::paged::bptree::cCommonBpTree<dstruct::paged::bptree::cBpTreeNode<TKey>,dstruct::paged::bptree::cBpTreeNode<TKey>,TKey>::PointQuery(const TKey &,char *,dstruct::paged::cQueryProcStat *,int)'
          with
          [
              TKey=common::datatype::tuple::cTuple
          ]
  d:\skola\bakalarka\aplikace\ddl_procesor\framework\dstruct\paged\rtree\csignaturestorage.h(169): note: see reference to function template instantiation 'bool dstruct::paged::bptree::cCommonBpTree<dstruct::paged::bptree::cBpTreeNode<TKey>,dstruct::paged::bptree::cBpTreeNode<TKey>,TKey>::PointQuery(const TKey &,char *,dstruct::paged::cQueryProcStat *,int)' being compiled
          with
          [
              TKey=common::datatype::tuple::cTuple
          ]
d:\skola\bakalarka\aplikace\ddl_procesor\framework\dstruct\paged\core\ctreeitemstream.h(149): warning C4244: 'initializing': conversion from 'common::llong' to 'unsigned int', possible loss of data
  d:\skola\bakalarka\aplikace\ddl_procesor\framework\dstruct\paged\core\ctreeitemstream.h(148): note: while compiling class template member function 'bool dstruct::paged::core::cTreeItemStream<TKey>::Add(const char *)'
          with
          [
              TKey=common::datatype::tuple::cTuple
          ]
  d:\skola\bakalarka\aplikace\ddl_procesor\framework\dstruct\paged\b+tree\ccommonb+tree.h(1699): note: see reference to function template instantiation 'bool dstruct::paged::core::cTreeItemStream<TKey>::Add(const char *)' being compiled
          with
          [
              TKey=common::datatype::tuple::cTuple
          ]
  d:\skola\bakalarka\aplikace\ddl_procesor\framework\dstruct\paged\b+tree\ccommonb+tree.h(1627): note: see reference to class template instantiation 'dstruct::paged::core::cTreeItemStream<TKey>' being compiled
          with
          [
              TKey=common::datatype::tuple::cTuple
          ]
  d:\skola\bakalarka\aplikace\ddl_procesor\framework\dstruct\paged\b+tree\ccommonb+tree.h(1604): note: while compiling class template member function 'dstruct::paged::core::cTreeItemStream<TKey> *dstruct::paged::bptree::cCommonBpTree<dstruct::paged::bptree::cBpTreeNode<TKey>,dstruct::paged::bptree::cBpTreeNode<TKey>,TKey>::RangeQuery(const TKey &,const TKey &,dstruct::paged::cQueryProcStat *,int,unsigned int,dstruct::paged::core::cTreeItemStream<TKey> *,char *,bool *)'
          with
          [
              TKey=common::datatype::tuple::cTuple
          ]
  d:\skola\bakalarka\aplikace\ddl_procesor\framework\dstruct\paged\b+tree\ccommonb+tree.h(1082): note: see reference to function template instantiation 'dstruct::paged::core::cTreeItemStream<TKey> *dstruct::paged::bptree::cCommonBpTree<dstruct::paged::bptree::cBpTreeNode<TKey>,dstruct::paged::bptree::cBpTreeNode<TKey>,TKey>::RangeQuery(const TKey &,const TKey &,dstruct::paged::cQueryProcStat *,int,unsigned int,dstruct::paged::core::cTreeItemStream<TKey> *,char *,bool *)' being compiled
          with
          [
              TKey=common::datatype::tuple::cTuple
          ]
  Generating Code...
cRTreeHeader.obj : warning LNK4221: This object file does not define any previously undefined public symbols, so it will not be used by any link operation that consumes this library
cMemoryBlock.obj : warning LNK4221: This object file does not define any previously undefined public symbols, so it will not be used by any link operation that consumes this library
  Framework.vcxproj -> D:\skola\bakalarka\Aplikace\DDL_Procesor\Debug\Framework.lib
